/scratch/cnt0024/hmg2840/albert7a/anaconda3/lib/python3.7/site-packages/distributed/utils.py:136: RuntimeWarning: Couldn't detect a suitable IP address for reaching '8.8.8.8', defaulting to '127.0.0.1': [Errno 101] Network is unreachable
  RuntimeWarning,
distributed.nanny - INFO -         Start Nanny at: 'tcp://172.30.6.0:36979'
distributed.nanny - INFO -         Start Nanny at: 'tcp://172.30.6.0:40470'
distributed.nanny - INFO -         Start Nanny at: 'tcp://172.30.6.0:42178'
distributed.nanny - INFO -         Start Nanny at: 'tcp://172.30.6.0:42649'
distributed.nanny - INFO -         Start Nanny at: 'tcp://172.30.6.0:43810'
distributed.nanny - INFO -         Start Nanny at: 'tcp://172.30.6.0:39416'
distributed.nanny - INFO -         Start Nanny at: 'tcp://172.30.6.0:34765'
distributed.nanny - INFO -         Start Nanny at: 'tcp://172.30.6.0:37868'
distributed.nanny - INFO -         Start Nanny at: 'tcp://172.30.6.0:35780'
distributed.nanny - INFO -         Start Nanny at: 'tcp://172.30.6.0:42013'
distributed.nanny - INFO -         Start Nanny at: 'tcp://172.30.6.0:36362'
distributed.nanny - INFO -         Start Nanny at: 'tcp://172.30.6.0:42760'
distributed.nanny - INFO -         Start Nanny at: 'tcp://172.30.6.0:45543'
distributed.nanny - INFO -         Start Nanny at: 'tcp://172.30.6.0:34708'
distributed.nanny - INFO -         Start Nanny at: 'tcp://172.30.6.0:46570'
distributed.nanny - INFO -         Start Nanny at: 'tcp://172.30.6.0:34555'
distributed.nanny - INFO -         Start Nanny at: 'tcp://172.30.6.0:34991'
distributed.nanny - INFO -         Start Nanny at: 'tcp://172.30.6.0:42491'
distributed.nanny - INFO -         Start Nanny at: 'tcp://172.30.6.0:40939'
distributed.nanny - INFO -         Start Nanny at: 'tcp://172.30.6.0:33838'
distributed.nanny - INFO -         Start Nanny at: 'tcp://172.30.6.0:39390'
distributed.nanny - INFO -         Start Nanny at: 'tcp://172.30.6.0:39808'
distributed.nanny - INFO -         Start Nanny at: 'tcp://172.30.6.0:43937'
distributed.nanny - INFO -         Start Nanny at: 'tcp://172.30.6.0:33769'
distributed.nanny - INFO -         Start Nanny at: 'tcp://172.30.6.0:45078'
distributed.nanny - INFO -         Start Nanny at: 'tcp://172.30.6.0:36028'
distributed.nanny - INFO -         Start Nanny at: 'tcp://172.30.6.0:33822'
distributed.nanny - INFO -         Start Nanny at: 'tcp://172.30.6.0:44107'
/scratch/cnt0024/hmg2840/albert7a/anaconda3/lib/python3.7/site-packages/distributed/utils.py:136: RuntimeWarning: Couldn't detect a suitable IP address for reaching '8.8.8.8', defaulting to '127.0.0.1': [Errno 101] Network is unreachable
  RuntimeWarning,
distributed.diskutils - INFO - Found stale lock file and directory '/scratch/cnt0024/hmg2840/albert7a/daskjobqueue/worker-7jst6z56', purging
distributed.diskutils - INFO - Found stale lock file and directory '/scratch/cnt0024/hmg2840/albert7a/daskjobqueue/worker-icr2ry3c', purging
distributed.diskutils - INFO - Found stale lock file and directory '/scratch/cnt0024/hmg2840/albert7a/daskjobqueue/worker-f089hyjo', purging
distributed.diskutils - INFO - Found stale lock file and directory '/scratch/cnt0024/hmg2840/albert7a/daskjobqueue/worker-jpggv8ez', purging
distributed.diskutils - INFO - Found stale lock file and directory '/scratch/cnt0024/hmg2840/albert7a/daskjobqueue/worker-9bf_s32u', purging
distributed.diskutils - INFO - Found stale lock file and directory '/scratch/cnt0024/hmg2840/albert7a/daskjobqueue/worker-eg7clwdr', purging
distributed.diskutils - INFO - Found stale lock file and directory '/scratch/cnt0024/hmg2840/albert7a/daskjobqueue/worker-_w13h9q9', purging
distributed.diskutils - INFO - Found stale lock file and directory '/scratch/cnt0024/hmg2840/albert7a/daskjobqueue/worker-o8gsvk3p', purging
distributed.diskutils - INFO - Found stale lock file and directory '/scratch/cnt0024/hmg2840/albert7a/daskjobqueue/worker-h3n97iy_', purging
distributed.diskutils - INFO - Found stale lock file and directory '/scratch/cnt0024/hmg2840/albert7a/daskjobqueue/worker-upq074z5', purging
distributed.diskutils - INFO - Found stale lock file and directory '/scratch/cnt0024/hmg2840/albert7a/daskjobqueue/worker-lt9sa9ki', purging
distributed.diskutils - INFO - Found stale lock file and directory '/scratch/cnt0024/hmg2840/albert7a/daskjobqueue/worker-3waj9k42', purging
distributed.diskutils - INFO - Found stale lock file and directory '/scratch/cnt0024/hmg2840/albert7a/daskjobqueue/worker-dhithku4', purging
distributed.diskutils - INFO - Found stale lock file and directory '/scratch/cnt0024/hmg2840/albert7a/daskjobqueue/worker-x642c5zf', purging
distributed.diskutils - INFO - Found stale lock file and directory '/scratch/cnt0024/hmg2840/albert7a/daskjobqueue/worker-uby9ypaq', purging
distributed.diskutils - INFO - Found stale lock file and directory '/scratch/cnt0024/hmg2840/albert7a/daskjobqueue/worker-h1qxfx1h', purging
distributed.diskutils - INFO - Found stale lock file and directory '/scratch/cnt0024/hmg2840/albert7a/daskjobqueue/worker-x6sznr0j', purging
distributed.diskutils - INFO - Found stale lock file and directory '/scratch/cnt0024/hmg2840/albert7a/daskjobqueue/worker-i2z5gqpv', purging
distributed.diskutils - INFO - Found stale lock file and directory '/scratch/cnt0024/hmg2840/albert7a/daskjobqueue/worker-fpew1pof', purging
distributed.diskutils - INFO - Found stale lock file and directory '/scratch/cnt0024/hmg2840/albert7a/daskjobqueue/worker-fgy29gav', purging
distributed.diskutils - INFO - Found stale lock file and directory '/scratch/cnt0024/hmg2840/albert7a/daskjobqueue/worker-d46dtfja', purging
distributed.diskutils - INFO - Found stale lock file and directory '/scratch/cnt0024/hmg2840/albert7a/daskjobqueue/worker-j5v1zjai', purging
distributed.diskutils - INFO - Found stale lock file and directory '/scratch/cnt0024/hmg2840/albert7a/daskjobqueue/worker-8vb8ybjm', purging
distributed.diskutils - INFO - Found stale lock file and directory '/scratch/cnt0024/hmg2840/albert7a/daskjobqueue/worker-ci3es9pa', purging
distributed.diskutils - INFO - Found stale lock file and directory '/scratch/cnt0024/hmg2840/albert7a/daskjobqueue/worker-izfgn6s0', purging
distributed.diskutils - INFO - Found stale lock file and directory '/scratch/cnt0024/hmg2840/albert7a/daskjobqueue/worker-ld7wo6eg', purging
distributed.diskutils - INFO - Found stale lock file and directory '/scratch/cnt0024/hmg2840/albert7a/daskjobqueue/worker-pdjaap3h', purging
distributed.diskutils - INFO - Found stale lock file and directory '/scratch/cnt0024/hmg2840/albert7a/daskjobqueue/worker-flca5u3_', purging
distributed.diskutils - INFO - Found stale lock file and directory '/scratch/cnt0024/hmg2840/albert7a/daskjobqueue/worker-lgd4d639', purging
distributed.diskutils - INFO - Found stale lock file and directory '/scratch/cnt0024/hmg2840/albert7a/daskjobqueue/worker-85isy8k8', purging
distributed.diskutils - INFO - Found stale lock file and directory '/scratch/cnt0024/hmg2840/albert7a/daskjobqueue/worker-0l1_4q8m', purging
distributed.diskutils - INFO - Found stale lock file and directory '/scratch/cnt0024/hmg2840/albert7a/daskjobqueue/worker-r1337ed5', purging
distributed.diskutils - INFO - Found stale lock file and directory '/scratch/cnt0024/hmg2840/albert7a/daskjobqueue/worker-ao4snrfs', purging
distributed.diskutils - INFO - Found stale lock file and directory '/scratch/cnt0024/hmg2840/albert7a/daskjobqueue/worker-mjdevcae', purging
distributed.diskutils - INFO - Found stale lock file and directory '/scratch/cnt0024/hmg2840/albert7a/daskjobqueue/worker-kpegbanm', purging
distributed.diskutils - INFO - Found stale lock file and directory '/scratch/cnt0024/hmg2840/albert7a/daskjobqueue/worker-4x8wf9qo', purging
distributed.diskutils - INFO - Found stale lock file and directory '/scratch/cnt0024/hmg2840/albert7a/daskjobqueue/worker-wo_xvhtv', purging
distributed.diskutils - INFO - Found stale lock file and directory '/scratch/cnt0024/hmg2840/albert7a/daskjobqueue/worker-iapsf3ny', purging
distributed.diskutils - INFO - Found stale lock file and directory '/scratch/cnt0024/hmg2840/albert7a/daskjobqueue/worker-dufrkklk', purging
distributed.diskutils - INFO - Found stale lock file and directory '/scratch/cnt0024/hmg2840/albert7a/daskjobqueue/worker-_hdnbx73', purging
distributed.diskutils - INFO - Found stale lock file and directory '/scratch/cnt0024/hmg2840/albert7a/daskjobqueue/worker-zn51mck3', purging
distributed.diskutils - INFO - Found stale lock file and directory '/scratch/cnt0024/hmg2840/albert7a/daskjobqueue/worker-4szyfkr4', purging
distributed.diskutils - INFO - Found stale lock file and directory '/scratch/cnt0024/hmg2840/albert7a/daskjobqueue/worker-w1jhuqxl', purging
distributed.diskutils - INFO - Found stale lock file and directory '/scratch/cnt0024/hmg2840/albert7a/daskjobqueue/worker-mk06lb2t', purging
distributed.diskutils - INFO - Found stale lock file and directory '/scratch/cnt0024/hmg2840/albert7a/daskjobqueue/worker-nxqwsj6d', purging
distributed.diskutils - INFO - Found stale lock file and directory '/scratch/cnt0024/hmg2840/albert7a/daskjobqueue/worker-kslgqfi9', purging
distributed.diskutils - INFO - Found stale lock file and directory '/scratch/cnt0024/hmg2840/albert7a/daskjobqueue/worker-t79cyc33', purging
distributed.diskutils - INFO - Found stale lock file and directory '/scratch/cnt0024/hmg2840/albert7a/daskjobqueue/worker-43e_8hcz', purging
distributed.diskutils - INFO - Found stale lock file and directory '/scratch/cnt0024/hmg2840/albert7a/daskjobqueue/worker-fysi_9n6', purging
distributed.diskutils - INFO - Found stale lock file and directory '/scratch/cnt0024/hmg2840/albert7a/daskjobqueue/worker-_8b7cgi5', purging
distributed.diskutils - INFO - Found stale lock file and directory '/scratch/cnt0024/hmg2840/albert7a/daskjobqueue/worker-0xuzzqs2', purging
distributed.diskutils - INFO - Found stale lock file and directory '/scratch/cnt0024/hmg2840/albert7a/daskjobqueue/worker-42uzu34j', purging
distributed.diskutils - INFO - Found stale lock file and directory '/scratch/cnt0024/hmg2840/albert7a/daskjobqueue/worker-t8rjze89', purging
distributed.diskutils - INFO - Found stale lock file and directory '/scratch/cnt0024/hmg2840/albert7a/daskjobqueue/worker-ogepoh_l', purging
distributed.diskutils - INFO - Found stale lock file and directory '/scratch/cnt0024/hmg2840/albert7a/daskjobqueue/worker-92cn_ic5', purging
distributed.diskutils - INFO - Found stale lock file and directory '/scratch/cnt0024/hmg2840/albert7a/daskjobqueue/worker-en8uoe7k', purging
distributed.diskutils - INFO - Found stale lock file and directory '/scratch/cnt0024/hmg2840/albert7a/daskjobqueue/worker-ai2_ofbn', purging
distributed.diskutils - INFO - Found stale lock file and directory '/scratch/cnt0024/hmg2840/albert7a/daskjobqueue/worker-kcxtwjkz', purging
distributed.diskutils - INFO - Found stale lock file and directory '/scratch/cnt0024/hmg2840/albert7a/daskjobqueue/worker-_93r4w31', purging
distributed.diskutils - INFO - Found stale lock file and directory '/scratch/cnt0024/hmg2840/albert7a/daskjobqueue/worker-q05pwpjt', purging
distributed.diskutils - INFO - Found stale lock file and directory '/scratch/cnt0024/hmg2840/albert7a/daskjobqueue/worker-8cbjhmde', purging
distributed.diskutils - INFO - Found stale lock file and directory '/scratch/cnt0024/hmg2840/albert7a/daskjobqueue/worker-p_hjd56q', purging
distributed.diskutils - INFO - Found stale lock file and directory '/scratch/cnt0024/hmg2840/albert7a/daskjobqueue/worker-57i0ddtw', purging
distributed.diskutils - INFO - Found stale lock file and directory '/scratch/cnt0024/hmg2840/albert7a/daskjobqueue/worker-u4kzji8x', purging
distributed.diskutils - INFO - Found stale lock file and directory '/scratch/cnt0024/hmg2840/albert7a/daskjobqueue/worker-0f0hiez_', purging
distributed.diskutils - INFO - Found stale lock file and directory '/scratch/cnt0024/hmg2840/albert7a/daskjobqueue/worker-veyoeaoa', purging
distributed.diskutils - INFO - Found stale lock file and directory '/scratch/cnt0024/hmg2840/albert7a/daskjobqueue/worker-ba96lv6q', purging
distributed.diskutils - INFO - Found stale lock file and directory '/scratch/cnt0024/hmg2840/albert7a/daskjobqueue/worker-pevl96nu', purging
distributed.diskutils - INFO - Found stale lock file and directory '/scratch/cnt0024/hmg2840/albert7a/daskjobqueue/worker-reponsff', purging
distributed.diskutils - INFO - Found stale lock file and directory '/scratch/cnt0024/hmg2840/albert7a/daskjobqueue/worker-_ursjrb6', purging
distributed.diskutils - INFO - Found stale lock file and directory '/scratch/cnt0024/hmg2840/albert7a/daskjobqueue/worker-_t7jxj7l', purging
distributed.diskutils - INFO - Found stale lock file and directory '/scratch/cnt0024/hmg2840/albert7a/daskjobqueue/worker-lq2g2tpn', purging
distributed.diskutils - INFO - Found stale lock file and directory '/scratch/cnt0024/hmg2840/albert7a/daskjobqueue/worker-ekisdkb2', purging
distributed.diskutils - INFO - Found stale lock file and directory '/scratch/cnt0024/hmg2840/albert7a/daskjobqueue/worker-u08pehkt', purging
distributed.diskutils - INFO - Found stale lock file and directory '/scratch/cnt0024/hmg2840/albert7a/daskjobqueue/worker-067w9lpr', purging
distributed.diskutils - INFO - Found stale lock file and directory '/scratch/cnt0024/hmg2840/albert7a/daskjobqueue/worker-ljbt0ol8', purging
distributed.diskutils - INFO - Found stale lock file and directory '/scratch/cnt0024/hmg2840/albert7a/daskjobqueue/worker-lgmakf33', purging
distributed.diskutils - INFO - Found stale lock file and directory '/scratch/cnt0024/hmg2840/albert7a/daskjobqueue/worker-5gut_hn1', purging
distributed.diskutils - INFO - Found stale lock file and directory '/scratch/cnt0024/hmg2840/albert7a/daskjobqueue/worker-rqg28svj', purging
distributed.diskutils - INFO - Found stale lock file and directory '/scratch/cnt0024/hmg2840/albert7a/daskjobqueue/worker-otjpvw1y', purging
distributed.diskutils - INFO - Found stale lock file and directory '/scratch/cnt0024/hmg2840/albert7a/daskjobqueue/worker-w_5z8av9', purging
distributed.diskutils - INFO - Found stale lock file and directory '/scratch/cnt0024/hmg2840/albert7a/daskjobqueue/worker-lf384rp7', purging
distributed.diskutils - INFO - Found stale lock file and directory '/scratch/cnt0024/hmg2840/albert7a/daskjobqueue/worker-f7vw3idl', purging
distributed.diskutils - INFO - Found stale lock file and directory '/scratch/cnt0024/hmg2840/albert7a/daskjobqueue/worker-u1z34jpe', purging
distributed.diskutils - INFO - Found stale lock file and directory '/scratch/cnt0024/hmg2840/albert7a/daskjobqueue/worker-wfi2cwtg', purging
distributed.diskutils - INFO - Found stale lock file and directory '/scratch/cnt0024/hmg2840/albert7a/daskjobqueue/worker-omrhqbhe', purging
distributed.diskutils - INFO - Found stale lock file and directory '/scratch/cnt0024/hmg2840/albert7a/daskjobqueue/worker-7ebbdq71', purging
distributed.diskutils - INFO - Found stale lock file and directory '/scratch/cnt0024/hmg2840/albert7a/daskjobqueue/worker-ua_h7ihg', purging
distributed.diskutils - INFO - Found stale lock file and directory '/scratch/cnt0024/hmg2840/albert7a/daskjobqueue/worker-vc8jj8x9', purging
distributed.diskutils - INFO - Found stale lock file and directory '/scratch/cnt0024/hmg2840/albert7a/daskjobqueue/worker-s3qpvscp', purging
distributed.diskutils - INFO - Found stale lock file and directory '/scratch/cnt0024/hmg2840/albert7a/daskjobqueue/worker-w7ovtffl', purging
distributed.diskutils - INFO - Found stale lock file and directory '/scratch/cnt0024/hmg2840/albert7a/daskjobqueue/worker-33uwnvkq', purging
distributed.diskutils - INFO - Found stale lock file and directory '/scratch/cnt0024/hmg2840/albert7a/daskjobqueue/worker-asrbyfah', purging
distributed.diskutils - INFO - Found stale lock file and directory '/scratch/cnt0024/hmg2840/albert7a/daskjobqueue/worker-3pk357ob', purging
distributed.diskutils - INFO - Found stale lock file and directory '/scratch/cnt0024/hmg2840/albert7a/daskjobqueue/worker-loyedce9', purging
distributed.diskutils - INFO - Found stale lock file and directory '/scratch/cnt0024/hmg2840/albert7a/daskjobqueue/worker-vjhyr1r5', purging
distributed.diskutils - INFO - Found stale lock file and directory '/scratch/cnt0024/hmg2840/albert7a/daskjobqueue/worker-pcqkdnxq', purging
distributed.diskutils - INFO - Found stale lock file and directory '/scratch/cnt0024/hmg2840/albert7a/daskjobqueue/worker-zy8_kue2', purging
distributed.diskutils - INFO - Found stale lock file and directory '/scratch/cnt0024/hmg2840/albert7a/daskjobqueue/worker-wqrcs68l', purging
distributed.diskutils - INFO - Found stale lock file and directory '/scratch/cnt0024/hmg2840/albert7a/daskjobqueue/worker-xe04k553', purging
distributed.diskutils - INFO - Found stale lock file and directory '/scratch/cnt0024/hmg2840/albert7a/daskjobqueue/worker-23j4u7b7', purging
distributed.diskutils - INFO - Found stale lock file and directory '/scratch/cnt0024/hmg2840/albert7a/daskjobqueue/worker-1or_lfvx', purging
distributed.diskutils - INFO - Found stale lock file and directory '/scratch/cnt0024/hmg2840/albert7a/daskjobqueue/worker-ao7_azzi', purging
distributed.diskutils - INFO - Found stale lock file and directory '/scratch/cnt0024/hmg2840/albert7a/daskjobqueue/worker-bt12vdbh', purging
distributed.diskutils - INFO - Found stale lock file and directory '/scratch/cnt0024/hmg2840/albert7a/daskjobqueue/worker-onzegi02', purging
distributed.diskutils - INFO - Found stale lock file and directory '/scratch/cnt0024/hmg2840/albert7a/daskjobqueue/worker-08yrc_vk', purging
distributed.diskutils - INFO - Found stale lock file and directory '/scratch/cnt0024/hmg2840/albert7a/daskjobqueue/worker-ktuvhc68', purging
distributed.diskutils - INFO - Found stale lock file and directory '/scratch/cnt0024/hmg2840/albert7a/daskjobqueue/worker-uaattony', purging
distributed.diskutils - INFO - Found stale lock file and directory '/scratch/cnt0024/hmg2840/albert7a/daskjobqueue/worker-g2d17v3w', purging
distributed.diskutils - INFO - Found stale lock file and directory '/scratch/cnt0024/hmg2840/albert7a/daskjobqueue/worker-8dfxqi51', purging
distributed.diskutils - INFO - Found stale lock file and directory '/scratch/cnt0024/hmg2840/albert7a/daskjobqueue/worker-kp8zq38f', purging
distributed.diskutils - INFO - Found stale lock file and directory '/scratch/cnt0024/hmg2840/albert7a/daskjobqueue/worker-sm56qe23', purging
distributed.diskutils - INFO - Found stale lock file and directory '/scratch/cnt0024/hmg2840/albert7a/daskjobqueue/worker-bc_ikcjo', purging
distributed.diskutils - INFO - Found stale lock file and directory '/scratch/cnt0024/hmg2840/albert7a/daskjobqueue/worker-oso_mp18', purging
distributed.diskutils - INFO - Found stale lock file and directory '/scratch/cnt0024/hmg2840/albert7a/daskjobqueue/worker-uy4n_n7n', purging
distributed.diskutils - INFO - Found stale lock file and directory '/scratch/cnt0024/hmg2840/albert7a/daskjobqueue/worker-j25nz719', purging
distributed.diskutils - INFO - Found stale lock file and directory '/scratch/cnt0024/hmg2840/albert7a/daskjobqueue/worker-ac54_m_n', purging
distributed.diskutils - INFO - Found stale lock file and directory '/scratch/cnt0024/hmg2840/albert7a/daskjobqueue/worker-i1iyz04n', purging
distributed.diskutils - INFO - Found stale lock file and directory '/scratch/cnt0024/hmg2840/albert7a/daskjobqueue/worker-r0crd447', purging
distributed.diskutils - INFO - Found stale lock file and directory '/scratch/cnt0024/hmg2840/albert7a/daskjobqueue/worker-n5iai_bd', purging
distributed.diskutils - INFO - Found stale lock file and directory '/scratch/cnt0024/hmg2840/albert7a/daskjobqueue/worker-6pflkimb', purging
distributed.diskutils - INFO - Found stale lock file and directory '/scratch/cnt0024/hmg2840/albert7a/daskjobqueue/worker-5fouo71i', purging
distributed.diskutils - INFO - Found stale lock file and directory '/scratch/cnt0024/hmg2840/albert7a/daskjobqueue/worker-87296o_v', purging
distributed.diskutils - INFO - Found stale lock file and directory '/scratch/cnt0024/hmg2840/albert7a/daskjobqueue/worker-x4x9pkdz', purging
distributed.diskutils - INFO - Found stale lock file and directory '/scratch/cnt0024/hmg2840/albert7a/daskjobqueue/worker-omu8_3id', purging
distributed.diskutils - INFO - Found stale lock file and directory '/scratch/cnt0024/hmg2840/albert7a/daskjobqueue/worker-oew0j1oj', purging
distributed.diskutils - INFO - Found stale lock file and directory '/scratch/cnt0024/hmg2840/albert7a/daskjobqueue/worker-sjz_mff5', purging
distributed.diskutils - INFO - Found stale lock file and directory '/scratch/cnt0024/hmg2840/albert7a/daskjobqueue/worker-weq6v8o8', purging
distributed.diskutils - INFO - Found stale lock file and directory '/scratch/cnt0024/hmg2840/albert7a/daskjobqueue/worker-qoxrp1bp', purging
distributed.diskutils - INFO - Found stale lock file and directory '/scratch/cnt0024/hmg2840/albert7a/daskjobqueue/worker-9fmytis5', purging
distributed.diskutils - INFO - Found stale lock file and directory '/scratch/cnt0024/hmg2840/albert7a/daskjobqueue/worker-_xq4b1hp', purging
distributed.diskutils - INFO - Found stale lock file and directory '/scratch/cnt0024/hmg2840/albert7a/daskjobqueue/worker-l2dzezl4', purging
distributed.diskutils - INFO - Found stale lock file and directory '/scratch/cnt0024/hmg2840/albert7a/daskjobqueue/worker-v9q65j1s', purging
distributed.diskutils - INFO - Found stale lock file and directory '/scratch/cnt0024/hmg2840/albert7a/daskjobqueue/worker-7aht36gb', purging
distributed.diskutils - INFO - Found stale lock file and directory '/scratch/cnt0024/hmg2840/albert7a/daskjobqueue/worker-oa3fb_s6', purging
distributed.diskutils - INFO - Found stale lock file and directory '/scratch/cnt0024/hmg2840/albert7a/daskjobqueue/worker-dinilc7n', purging
distributed.diskutils - INFO - Found stale lock file and directory '/scratch/cnt0024/hmg2840/albert7a/daskjobqueue/worker-apir2mg0', purging
distributed.diskutils - INFO - Found stale lock file and directory '/scratch/cnt0024/hmg2840/albert7a/daskjobqueue/worker-wb6y6na2', purging
distributed.diskutils - INFO - Found stale lock file and directory '/scratch/cnt0024/hmg2840/albert7a/daskjobqueue/worker-xvrv8ofv', purging
distributed.diskutils - INFO - Found stale lock file and directory '/scratch/cnt0024/hmg2840/albert7a/daskjobqueue/worker-tzcdqnet', purging
distributed.diskutils - INFO - Found stale lock file and directory '/scratch/cnt0024/hmg2840/albert7a/daskjobqueue/worker-x3ev8cm8', purging
distributed.diskutils - INFO - Found stale lock file and directory '/scratch/cnt0024/hmg2840/albert7a/daskjobqueue/worker-s_kv9c7l', purging
distributed.diskutils - INFO - Found stale lock file and directory '/scratch/cnt0024/hmg2840/albert7a/daskjobqueue/worker-d2zufz31', purging
distributed.diskutils - INFO - Found stale lock file and directory '/scratch/cnt0024/hmg2840/albert7a/daskjobqueue/worker-9_p9t6rd', purging
distributed.diskutils - INFO - Found stale lock file and directory '/scratch/cnt0024/hmg2840/albert7a/daskjobqueue/worker-by60i05_', purging
distributed.diskutils - INFO - Found stale lock file and directory '/scratch/cnt0024/hmg2840/albert7a/daskjobqueue/worker-vueyedz1', purging
distributed.diskutils - INFO - Found stale lock file and directory '/scratch/cnt0024/hmg2840/albert7a/daskjobqueue/worker-ekjnpbdd', purging
distributed.diskutils - INFO - Found stale lock file and directory '/scratch/cnt0024/hmg2840/albert7a/daskjobqueue/worker-r9rxugys', purging
distributed.diskutils - INFO - Found stale lock file and directory '/scratch/cnt0024/hmg2840/albert7a/daskjobqueue/worker-te6rrxet', purging
distributed.diskutils - INFO - Found stale lock file and directory '/scratch/cnt0024/hmg2840/albert7a/daskjobqueue/worker-hska1h11', purging
distributed.diskutils - INFO - Found stale lock file and directory '/scratch/cnt0024/hmg2840/albert7a/daskjobqueue/worker-imxob3bn', purging
distributed.diskutils - INFO - Found stale lock file and directory '/scratch/cnt0024/hmg2840/albert7a/daskjobqueue/worker-m7ec0id4', purging
distributed.diskutils - INFO - Found stale lock file and directory '/scratch/cnt0024/hmg2840/albert7a/daskjobqueue/worker-sb6o92kx', purging
distributed.diskutils - INFO - Found stale lock file and directory '/scratch/cnt0024/hmg2840/albert7a/daskjobqueue/worker-b0nsvsec', purging
distributed.diskutils - INFO - Found stale lock file and directory '/scratch/cnt0024/hmg2840/albert7a/daskjobqueue/worker-0siw5fqf', purging
distributed.diskutils - INFO - Found stale lock file and directory '/scratch/cnt0024/hmg2840/albert7a/daskjobqueue/worker-bybecuhe', purging
distributed.diskutils - INFO - Found stale lock file and directory '/scratch/cnt0024/hmg2840/albert7a/daskjobqueue/worker-drfpvoko', purging
distributed.diskutils - INFO - Found stale lock file and directory '/scratch/cnt0024/hmg2840/albert7a/daskjobqueue/worker-xly0rxzh', purging
distributed.diskutils - INFO - Found stale lock file and directory '/scratch/cnt0024/hmg2840/albert7a/daskjobqueue/worker-9ajz8t4y', purging
distributed.diskutils - INFO - Found stale lock file and directory '/scratch/cnt0024/hmg2840/albert7a/daskjobqueue/worker-sf_2osww', purging
distributed.diskutils - INFO - Found stale lock file and directory '/scratch/cnt0024/hmg2840/albert7a/daskjobqueue/worker-t9n2t71j', purging
distributed.diskutils - INFO - Found stale lock file and directory '/scratch/cnt0024/hmg2840/albert7a/daskjobqueue/worker-wz00cj6s', purging
distributed.diskutils - INFO - Found stale lock file and directory '/scratch/cnt0024/hmg2840/albert7a/daskjobqueue/worker-nxzydu5e', purging
distributed.diskutils - INFO - Found stale lock file and directory '/scratch/cnt0024/hmg2840/albert7a/daskjobqueue/worker-12h5q_nx', purging
distributed.diskutils - INFO - Found stale lock file and directory '/scratch/cnt0024/hmg2840/albert7a/daskjobqueue/worker-pp9lptfu', purging
distributed.diskutils - INFO - Found stale lock file and directory '/scratch/cnt0024/hmg2840/albert7a/daskjobqueue/worker-p_1z6m4o', purging
distributed.diskutils - INFO - Found stale lock file and directory '/scratch/cnt0024/hmg2840/albert7a/daskjobqueue/worker-m3ap8os9', purging
distributed.diskutils - INFO - Found stale lock file and directory '/scratch/cnt0024/hmg2840/albert7a/daskjobqueue/worker-_whn03ka', purging
distributed.diskutils - INFO - Found stale lock file and directory '/scratch/cnt0024/hmg2840/albert7a/daskjobqueue/worker-giowe1_c', purging
distributed.diskutils - INFO - Found stale lock file and directory '/scratch/cnt0024/hmg2840/albert7a/daskjobqueue/worker-_e6w5ys2', purging
distributed.diskutils - INFO - Found stale lock file and directory '/scratch/cnt0024/hmg2840/albert7a/daskjobqueue/worker-r6p_k0dc', purging
distributed.diskutils - INFO - Found stale lock file and directory '/scratch/cnt0024/hmg2840/albert7a/daskjobqueue/worker-8a3yxpo3', purging
distributed.diskutils - INFO - Found stale lock file and directory '/scratch/cnt0024/hmg2840/albert7a/daskjobqueue/worker-xvky_xh3', purging
distributed.diskutils - INFO - Found stale lock file and directory '/scratch/cnt0024/hmg2840/albert7a/daskjobqueue/worker-5azwovke', purging
distributed.diskutils - INFO - Found stale lock file and directory '/scratch/cnt0024/hmg2840/albert7a/daskjobqueue/worker-v1gzu68q', purging
distributed.diskutils - INFO - Found stale lock file and directory '/scratch/cnt0024/hmg2840/albert7a/daskjobqueue/worker-7w0gb3ub', purging
distributed.diskutils - INFO - Found stale lock file and directory '/scratch/cnt0024/hmg2840/albert7a/daskjobqueue/worker-mlj16kvh', purging
distributed.diskutils - INFO - Found stale lock file and directory '/scratch/cnt0024/hmg2840/albert7a/daskjobqueue/worker-mhh0tcya', purging
distributed.diskutils - INFO - Found stale lock file and directory '/scratch/cnt0024/hmg2840/albert7a/daskjobqueue/worker-xoaqi8u9', purging
distributed.diskutils - INFO - Found stale lock file and directory '/scratch/cnt0024/hmg2840/albert7a/daskjobqueue/worker-c32qvzmp', purging
distributed.diskutils - INFO - Found stale lock file and directory '/scratch/cnt0024/hmg2840/albert7a/daskjobqueue/worker-lomod63j', purging
distributed.diskutils - INFO - Found stale lock file and directory '/scratch/cnt0024/hmg2840/albert7a/daskjobqueue/worker-1qfj_g9r', purging
distributed.diskutils - INFO - Found stale lock file and directory '/scratch/cnt0024/hmg2840/albert7a/daskjobqueue/worker-q3e25d97', purging
distributed.diskutils - INFO - Found stale lock file and directory '/scratch/cnt0024/hmg2840/albert7a/daskjobqueue/worker-v3d0zd67', purging
distributed.diskutils - INFO - Found stale lock file and directory '/scratch/cnt0024/hmg2840/albert7a/daskjobqueue/worker-bw45b1eo', purging
distributed.diskutils - INFO - Found stale lock file and directory '/scratch/cnt0024/hmg2840/albert7a/daskjobqueue/worker-yjzc9v_f', purging
distributed.diskutils - INFO - Found stale lock file and directory '/scratch/cnt0024/hmg2840/albert7a/daskjobqueue/worker-6axvirv1', purging
distributed.diskutils - INFO - Found stale lock file and directory '/scratch/cnt0024/hmg2840/albert7a/daskjobqueue/worker-22nad22u', purging
distributed.diskutils - INFO - Found stale lock file and directory '/scratch/cnt0024/hmg2840/albert7a/daskjobqueue/worker-e74driq2', purging
distributed.diskutils - INFO - Found stale lock file and directory '/scratch/cnt0024/hmg2840/albert7a/daskjobqueue/worker-dc93aig3', purging
distributed.diskutils - INFO - Found stale lock file and directory '/scratch/cnt0024/hmg2840/albert7a/daskjobqueue/worker-sitl2ch8', purging
distributed.diskutils - INFO - Found stale lock file and directory '/scratch/cnt0024/hmg2840/albert7a/daskjobqueue/worker-y4e8o2t3', purging
distributed.diskutils - INFO - Found stale lock file and directory '/scratch/cnt0024/hmg2840/albert7a/daskjobqueue/worker-y6hr_zne', purging
distributed.diskutils - INFO - Found stale lock file and directory '/scratch/cnt0024/hmg2840/albert7a/daskjobqueue/worker-lnvnbpyr', purging
distributed.diskutils - INFO - Found stale lock file and directory '/scratch/cnt0024/hmg2840/albert7a/daskjobqueue/worker-d6887slr', purging
distributed.diskutils - INFO - Found stale lock file and directory '/scratch/cnt0024/hmg2840/albert7a/daskjobqueue/worker-i4hd0oiy', purging
distributed.diskutils - INFO - Found stale lock file and directory '/scratch/cnt0024/hmg2840/albert7a/daskjobqueue/worker-0jqb31_v', purging
distributed.diskutils - INFO - Found stale lock file and directory '/scratch/cnt0024/hmg2840/albert7a/daskjobqueue/worker-bn2_mruu', purging
distributed.diskutils - INFO - Found stale lock file and directory '/scratch/cnt0024/hmg2840/albert7a/daskjobqueue/worker-gm3o21ly', purging
distributed.diskutils - INFO - Found stale lock file and directory '/scratch/cnt0024/hmg2840/albert7a/daskjobqueue/worker-_qjyfdk8', purging
distributed.diskutils - INFO - Found stale lock file and directory '/scratch/cnt0024/hmg2840/albert7a/daskjobqueue/worker-65sxknsn', purging
distributed.diskutils - INFO - Found stale lock file and directory '/scratch/cnt0024/hmg2840/albert7a/daskjobqueue/worker-t2wqsdpq', purging
distributed.diskutils - INFO - Found stale lock file and directory '/scratch/cnt0024/hmg2840/albert7a/daskjobqueue/worker-p7aq4b02', purging
distributed.diskutils - INFO - Found stale lock file and directory '/scratch/cnt0024/hmg2840/albert7a/daskjobqueue/worker-eco3b463', purging
distributed.diskutils - INFO - Found stale lock file and directory '/scratch/cnt0024/hmg2840/albert7a/daskjobqueue/worker-fczjyz68', purging
distributed.diskutils - INFO - Found stale lock file and directory '/scratch/cnt0024/hmg2840/albert7a/daskjobqueue/worker-gqtvotdz', purging
distributed.diskutils - INFO - Found stale lock file and directory '/scratch/cnt0024/hmg2840/albert7a/daskjobqueue/worker-fxwke2kg', purging
distributed.diskutils - INFO - Found stale lock file and directory '/scratch/cnt0024/hmg2840/albert7a/daskjobqueue/worker-1qktkxe_', purging
distributed.diskutils - INFO - Found stale lock file and directory '/scratch/cnt0024/hmg2840/albert7a/daskjobqueue/worker-lon1tmdr', purging
distributed.diskutils - INFO - Found stale lock file and directory '/scratch/cnt0024/hmg2840/albert7a/daskjobqueue/worker-07wqs0js', purging
distributed.diskutils - INFO - Found stale lock file and directory '/scratch/cnt0024/hmg2840/albert7a/daskjobqueue/worker-b1f1jqab', purging
distributed.diskutils - INFO - Found stale lock file and directory '/scratch/cnt0024/hmg2840/albert7a/daskjobqueue/worker-54ivmm2e', purging
distributed.diskutils - INFO - Found stale lock file and directory '/scratch/cnt0024/hmg2840/albert7a/daskjobqueue/worker-jjwf2eu_', purging
distributed.diskutils - INFO - Found stale lock file and directory '/scratch/cnt0024/hmg2840/albert7a/daskjobqueue/worker-85sy_lvl', purging
distributed.diskutils - INFO - Found stale lock file and directory '/scratch/cnt0024/hmg2840/albert7a/daskjobqueue/worker-f68a696t', purging
distributed.diskutils - INFO - Found stale lock file and directory '/scratch/cnt0024/hmg2840/albert7a/daskjobqueue/worker-j7jtm87l', purging
distributed.diskutils - INFO - Found stale lock file and directory '/scratch/cnt0024/hmg2840/albert7a/daskjobqueue/worker-w6_yxd1r', purging
distributed.diskutils - INFO - Found stale lock file and directory '/scratch/cnt0024/hmg2840/albert7a/daskjobqueue/worker-apcs8r5y', purging
distributed.diskutils - INFO - Found stale lock file and directory '/scratch/cnt0024/hmg2840/albert7a/daskjobqueue/worker-j9aw6cez', purging
distributed.diskutils - INFO - Found stale lock file and directory '/scratch/cnt0024/hmg2840/albert7a/daskjobqueue/worker-axp0is55', purging
distributed.diskutils - INFO - Found stale lock file and directory '/scratch/cnt0024/hmg2840/albert7a/daskjobqueue/worker-ntfihlm6', purging
distributed.diskutils - INFO - Found stale lock file and directory '/scratch/cnt0024/hmg2840/albert7a/daskjobqueue/worker-_02nvub7', purging
distributed.diskutils - INFO - Found stale lock file and directory '/scratch/cnt0024/hmg2840/albert7a/daskjobqueue/worker-vjz2ltgl', purging
distributed.diskutils - INFO - Found stale lock file and directory '/scratch/cnt0024/hmg2840/albert7a/daskjobqueue/worker-89ug15e9', purging
distributed.diskutils - INFO - Found stale lock file and directory '/scratch/cnt0024/hmg2840/albert7a/daskjobqueue/worker-tv6s8pys', purging
distributed.diskutils - INFO - Found stale lock file and directory '/scratch/cnt0024/hmg2840/albert7a/daskjobqueue/worker-6yncz6b8', purging
distributed.diskutils - INFO - Found stale lock file and directory '/scratch/cnt0024/hmg2840/albert7a/daskjobqueue/worker-87yul4tb', purging
distributed.diskutils - INFO - Found stale lock file and directory '/scratch/cnt0024/hmg2840/albert7a/daskjobqueue/worker-uhf5j01c', purging
distributed.diskutils - INFO - Found stale lock file and directory '/scratch/cnt0024/hmg2840/albert7a/daskjobqueue/worker-6x5q7gfe', purging
distributed.diskutils - INFO - Found stale lock file and directory '/scratch/cnt0024/hmg2840/albert7a/daskjobqueue/worker-vpab11jj', purging
distributed.diskutils - INFO - Found stale lock file and directory '/scratch/cnt0024/hmg2840/albert7a/daskjobqueue/worker-i4c6wwmn', purging
distributed.diskutils - INFO - Found stale lock file and directory '/scratch/cnt0024/hmg2840/albert7a/daskjobqueue/worker-2kxt3ior', purging
distributed.diskutils - INFO - Found stale lock file and directory '/scratch/cnt0024/hmg2840/albert7a/daskjobqueue/worker-qqfv6swe', purging
distributed.diskutils - INFO - Found stale lock file and directory '/scratch/cnt0024/hmg2840/albert7a/daskjobqueue/worker-vf9csd6w', purging
distributed.diskutils - INFO - Found stale lock file and directory '/scratch/cnt0024/hmg2840/albert7a/daskjobqueue/worker-72h8m51x', purging
distributed.diskutils - INFO - Found stale lock file and directory '/scratch/cnt0024/hmg2840/albert7a/daskjobqueue/worker-nju4831o', purging
distributed.diskutils - INFO - Found stale lock file and directory '/scratch/cnt0024/hmg2840/albert7a/daskjobqueue/worker-fgqnmohy', purging
distributed.diskutils - INFO - Found stale lock file and directory '/scratch/cnt0024/hmg2840/albert7a/daskjobqueue/worker-bmi9dan4', purging
distributed.diskutils - INFO - Found stale lock file and directory '/scratch/cnt0024/hmg2840/albert7a/daskjobqueue/worker-enlrn5pd', purging
distributed.diskutils - INFO - Found stale lock file and directory '/scratch/cnt0024/hmg2840/albert7a/daskjobqueue/worker-xam2jhrs', purging
distributed.diskutils - INFO - Found stale lock file and directory '/scratch/cnt0024/hmg2840/albert7a/daskjobqueue/worker-_urc6886', purging
distributed.diskutils - INFO - Found stale lock file and directory '/scratch/cnt0024/hmg2840/albert7a/daskjobqueue/worker-rndeiht4', purging
distributed.diskutils - INFO - Found stale lock file and directory '/scratch/cnt0024/hmg2840/albert7a/daskjobqueue/worker-lrtkq5jd', purging
distributed.diskutils - INFO - Found stale lock file and directory '/scratch/cnt0024/hmg2840/albert7a/daskjobqueue/worker-rw_f_9_e', purging
distributed.diskutils - INFO - Found stale lock file and directory '/scratch/cnt0024/hmg2840/albert7a/daskjobqueue/worker-jlg1dhho', purging
distributed.diskutils - INFO - Found stale lock file and directory '/scratch/cnt0024/hmg2840/albert7a/daskjobqueue/worker-pkel96il', purging
distributed.diskutils - INFO - Found stale lock file and directory '/scratch/cnt0024/hmg2840/albert7a/daskjobqueue/worker-fzztjvjx', purging
distributed.diskutils - INFO - Found stale lock file and directory '/scratch/cnt0024/hmg2840/albert7a/daskjobqueue/worker-nqbg5cmp', purging
distributed.diskutils - INFO - Found stale lock file and directory '/scratch/cnt0024/hmg2840/albert7a/daskjobqueue/worker-r6erfdxa', purging
distributed.diskutils - INFO - Found stale lock file and directory '/scratch/cnt0024/hmg2840/albert7a/daskjobqueue/worker-6_li1ol7', purging
distributed.diskutils - INFO - Found stale lock file and directory '/scratch/cnt0024/hmg2840/albert7a/daskjobqueue/worker-kp0vj_fw', purging
distributed.diskutils - INFO - Found stale lock file and directory '/scratch/cnt0024/hmg2840/albert7a/daskjobqueue/worker-503bprg2', purging
/scratch/cnt0024/hmg2840/albert7a/anaconda3/lib/python3.7/site-packages/distributed/utils.py:136: RuntimeWarning: Couldn't detect a suitable IP address for reaching '8.8.8.8', defaulting to '127.0.0.1': [Errno 101] Network is unreachable
  RuntimeWarning,
distributed.worker - INFO -       Start worker at:     tcp://172.30.6.0:43798
/scratch/cnt0024/hmg2840/albert7a/anaconda3/lib/python3.7/contextlib.py:119: UserWarning: Creating scratch directories is taking a surprisingly long time. This is often due to running workers on a network file system. Consider specifying a local-directory to point workers to write scratch data to a local disk.
  next(self.gen)
distributed.worker - INFO -       Start worker at:     tcp://172.30.6.0:35582
/scratch/cnt0024/hmg2840/albert7a/anaconda3/lib/python3.7/site-packages/distributed/utils.py:136: RuntimeWarning: Couldn't detect a suitable IP address for reaching '8.8.8.8', defaulting to '127.0.0.1': [Errno 101] Network is unreachable
  RuntimeWarning,
distributed.worker - INFO -       Start worker at:     tcp://172.30.6.0:39832
/scratch/cnt0024/hmg2840/albert7a/anaconda3/lib/python3.7/site-packages/distributed/utils.py:136: RuntimeWarning: Couldn't detect a suitable IP address for reaching '8.8.8.8', defaulting to '127.0.0.1': [Errno 101] Network is unreachable
  RuntimeWarning,
distributed.worker - INFO -       Start worker at:     tcp://172.30.6.0:36153
/scratch/cnt0024/hmg2840/albert7a/anaconda3/lib/python3.7/site-packages/distributed/utils.py:136: RuntimeWarning: Couldn't detect a suitable IP address for reaching '8.8.8.8', defaulting to '127.0.0.1': [Errno 101] Network is unreachable
  RuntimeWarning,
distributed.worker - INFO -       Start worker at:     tcp://172.30.6.0:46182
/scratch/cnt0024/hmg2840/albert7a/anaconda3/lib/python3.7/site-packages/distributed/utils.py:136: RuntimeWarning: Couldn't detect a suitable IP address for reaching '8.8.8.8', defaulting to '127.0.0.1': [Errno 101] Network is unreachable
  RuntimeWarning,
distributed.worker - INFO -       Start worker at:     tcp://172.30.6.0:39727
/scratch/cnt0024/hmg2840/albert7a/anaconda3/lib/python3.7/site-packages/distributed/utils.py:136: RuntimeWarning: Couldn't detect a suitable IP address for reaching '8.8.8.8', defaulting to '127.0.0.1': [Errno 101] Network is unreachable
  RuntimeWarning,
distributed.worker - INFO -       Start worker at:     tcp://172.30.6.0:45804
distributed.worker - INFO -          Listening to:     tcp://172.30.6.0:43798
distributed.worker - INFO -          Listening to:     tcp://172.30.6.0:35582
/scratch/cnt0024/hmg2840/albert7a/anaconda3/lib/python3.7/site-packages/distributed/utils.py:136: RuntimeWarning: Couldn't detect a suitable IP address for reaching '8.8.8.8', defaulting to '127.0.0.1': [Errno 101] Network is unreachable
  RuntimeWarning,
distributed.worker - INFO -       Start worker at:     tcp://172.30.6.0:41708
/scratch/cnt0024/hmg2840/albert7a/anaconda3/lib/python3.7/site-packages/distributed/utils.py:136: RuntimeWarning: Couldn't detect a suitable IP address for reaching '8.8.8.8', defaulting to '127.0.0.1': [Errno 101] Network is unreachable
  RuntimeWarning,
distributed.worker - INFO -       Start worker at:     tcp://172.30.6.0:41896
distributed.worker - INFO -          Listening to:     tcp://172.30.6.0:39832
/scratch/cnt0024/hmg2840/albert7a/anaconda3/lib/python3.7/site-packages/distributed/utils.py:136: RuntimeWarning: Couldn't detect a suitable IP address for reaching '8.8.8.8', defaulting to '127.0.0.1': [Errno 101] Network is unreachable
  RuntimeWarning,
distributed.worker - INFO -       Start worker at:     tcp://172.30.6.0:38919
distributed.worker - INFO -          Listening to:     tcp://172.30.6.0:36153
distributed.worker - INFO -          Listening to:     tcp://172.30.6.0:46182
/scratch/cnt0024/hmg2840/albert7a/anaconda3/lib/python3.7/site-packages/distributed/utils.py:136: RuntimeWarning: Couldn't detect a suitable IP address for reaching '8.8.8.8', defaulting to '127.0.0.1': [Errno 101] Network is unreachable
  RuntimeWarning,
distributed.worker - INFO -       Start worker at:     tcp://172.30.6.0:42113
distributed.worker - INFO -          Listening to:     tcp://172.30.6.0:39727
/scratch/cnt0024/hmg2840/albert7a/anaconda3/lib/python3.7/site-packages/distributed/utils.py:136: RuntimeWarning: Couldn't detect a suitable IP address for reaching '8.8.8.8', defaulting to '127.0.0.1': [Errno 101] Network is unreachable
  RuntimeWarning,
distributed.worker - INFO -       Start worker at:     tcp://172.30.6.0:34492
distributed.worker - INFO -          Listening to:     tcp://172.30.6.0:45804
distributed.worker - INFO -          dashboard at:           172.30.6.0:38524
distributed.worker - INFO -          dashboard at:           172.30.6.0:44819
distributed.worker - INFO -          Listening to:     tcp://172.30.6.0:41708
/scratch/cnt0024/hmg2840/albert7a/anaconda3/lib/python3.7/site-packages/distributed/utils.py:136: RuntimeWarning: Couldn't detect a suitable IP address for reaching '8.8.8.8', defaulting to '127.0.0.1': [Errno 101] Network is unreachable
  RuntimeWarning,
distributed.worker - INFO -       Start worker at:     tcp://172.30.6.0:35613
distributed.worker - INFO -          Listening to:     tcp://172.30.6.0:41896
distributed.worker - INFO -          dashboard at:           172.30.6.0:45851
distributed.worker - INFO -          Listening to:     tcp://172.30.6.0:38919
distributed.worker - INFO -          dashboard at:           172.30.6.0:42212
distributed.worker - INFO -          dashboard at:           172.30.6.0:43054
/scratch/cnt0024/hmg2840/albert7a/anaconda3/lib/python3.7/site-packages/distributed/utils.py:136: RuntimeWarning: Couldn't detect a suitable IP address for reaching '8.8.8.8', defaulting to '127.0.0.1': [Errno 101] Network is unreachable
  RuntimeWarning,
distributed.worker - INFO -       Start worker at:     tcp://172.30.6.0:33587
distributed.worker - INFO -          Listening to:     tcp://172.30.6.0:42113
distributed.worker - INFO -          dashboard at:           172.30.6.0:42372
distributed.worker - INFO -          Listening to:     tcp://172.30.6.0:34492
distributed.worker - INFO - Waiting to connect to:   tcp://172.30.100.4:33161
distributed.worker - INFO -          dashboard at:           172.30.6.0:40591
distributed.worker - INFO - Waiting to connect to:   tcp://172.30.100.4:33161
/scratch/cnt0024/hmg2840/albert7a/anaconda3/lib/python3.7/site-packages/distributed/utils.py:136: RuntimeWarning: Couldn't detect a suitable IP address for reaching '8.8.8.8', defaulting to '127.0.0.1': [Errno 101] Network is unreachable
  RuntimeWarning,
distributed.worker - INFO -       Start worker at:     tcp://172.30.6.0:42307
distributed.worker - INFO -          dashboard at:           172.30.6.0:43137
distributed.worker - INFO -          Listening to:     tcp://172.30.6.0:35613
distributed.worker - INFO - Waiting to connect to:   tcp://172.30.100.4:33161
distributed.worker - INFO -          dashboard at:           172.30.6.0:37058
distributed.worker - INFO -          dashboard at:           172.30.6.0:38484
distributed.worker - INFO - Waiting to connect to:   tcp://172.30.100.4:33161
distributed.worker - INFO - Waiting to connect to:   tcp://172.30.100.4:33161
/scratch/cnt0024/hmg2840/albert7a/anaconda3/lib/python3.7/site-packages/distributed/utils.py:136: RuntimeWarning: Couldn't detect a suitable IP address for reaching '8.8.8.8', defaulting to '127.0.0.1': [Errno 101] Network is unreachable
  RuntimeWarning,
distributed.worker - INFO -       Start worker at:     tcp://172.30.6.0:42565
distributed.worker - INFO -          Listening to:     tcp://172.30.6.0:33587
distributed.worker - INFO - Waiting to connect to:   tcp://172.30.100.4:33161
distributed.worker - INFO -          dashboard at:           172.30.6.0:38152
/scratch/cnt0024/hmg2840/albert7a/anaconda3/lib/python3.7/site-packages/distributed/utils.py:136: RuntimeWarning: Couldn't detect a suitable IP address for reaching '8.8.8.8', defaulting to '127.0.0.1': [Errno 101] Network is unreachable
  RuntimeWarning,
distributed.worker - INFO -       Start worker at:     tcp://172.30.6.0:36463
distributed.worker - INFO - -------------------------------------------------
/scratch/cnt0024/hmg2840/albert7a/anaconda3/lib/python3.7/site-packages/distributed/utils.py:136: RuntimeWarning: Couldn't detect a suitable IP address for reaching '8.8.8.8', defaulting to '127.0.0.1': [Errno 101] Network is unreachable
  RuntimeWarning,
distributed.worker - INFO -       Start worker at:     tcp://172.30.6.0:40489
distributed.worker - INFO -          dashboard at:           172.30.6.0:45090
/scratch/cnt0024/hmg2840/albert7a/anaconda3/lib/python3.7/site-packages/distributed/utils.py:136: RuntimeWarning: Couldn't detect a suitable IP address for reaching '8.8.8.8', defaulting to '127.0.0.1': [Errno 101] Network is unreachable
  RuntimeWarning,
distributed.worker - INFO -       Start worker at:     tcp://172.30.6.0:38736
distributed.worker - INFO - Waiting to connect to:   tcp://172.30.100.4:33161
/scratch/cnt0024/hmg2840/albert7a/anaconda3/lib/python3.7/site-packages/distributed/utils.py:136: RuntimeWarning: Couldn't detect a suitable IP address for reaching '8.8.8.8', defaulting to '127.0.0.1': [Errno 101] Network is unreachable
  RuntimeWarning,
distributed.worker - INFO -       Start worker at:     tcp://172.30.6.0:37489
distributed.worker - INFO - -------------------------------------------------
/scratch/cnt0024/hmg2840/albert7a/anaconda3/lib/python3.7/site-packages/distributed/utils.py:136: RuntimeWarning: Couldn't detect a suitable IP address for reaching '8.8.8.8', defaulting to '127.0.0.1': [Errno 101] Network is unreachable
  RuntimeWarning,
distributed.worker - INFO -       Start worker at:     tcp://172.30.6.0:45879
/scratch/cnt0024/hmg2840/albert7a/anaconda3/lib/python3.7/site-packages/distributed/utils.py:136: RuntimeWarning: Couldn't detect a suitable IP address for reaching '8.8.8.8', defaulting to '127.0.0.1': [Errno 101] Network is unreachable
  RuntimeWarning,
distributed.worker - INFO -       Start worker at:     tcp://172.30.6.0:38700
/scratch/cnt0024/hmg2840/albert7a/anaconda3/lib/python3.7/site-packages/distributed/utils.py:136: RuntimeWarning: Couldn't detect a suitable IP address for reaching '8.8.8.8', defaulting to '127.0.0.1': [Errno 101] Network is unreachable
  RuntimeWarning,
distributed.worker - INFO -       Start worker at:     tcp://172.30.6.0:41341
distributed.worker - INFO - Waiting to connect to:   tcp://172.30.100.4:33161
distributed.worker - INFO -          Listening to:     tcp://172.30.6.0:42307
distributed.worker - INFO -          dashboard at:           172.30.6.0:35623
distributed.worker - INFO - -------------------------------------------------
distributed.worker - INFO - Waiting to connect to:   tcp://172.30.100.4:33161
/scratch/cnt0024/hmg2840/albert7a/anaconda3/lib/python3.7/site-packages/distributed/utils.py:136: RuntimeWarning: Couldn't detect a suitable IP address for reaching '8.8.8.8', defaulting to '127.0.0.1': [Errno 101] Network is unreachable
  RuntimeWarning,
distributed.worker - INFO -       Start worker at:     tcp://172.30.6.0:43761
distributed.worker - INFO - Waiting to connect to:   tcp://172.30.100.4:33161
distributed.worker - INFO - -------------------------------------------------
/scratch/cnt0024/hmg2840/albert7a/anaconda3/lib/python3.7/site-packages/distributed/utils.py:136: RuntimeWarning: Couldn't detect a suitable IP address for reaching '8.8.8.8', defaulting to '127.0.0.1': [Errno 101] Network is unreachable
  RuntimeWarning,
distributed.worker - INFO -       Start worker at:     tcp://172.30.6.0:44674
/scratch/cnt0024/hmg2840/albert7a/anaconda3/lib/python3.7/site-packages/distributed/utils.py:136: RuntimeWarning: Couldn't detect a suitable IP address for reaching '8.8.8.8', defaulting to '127.0.0.1': [Errno 101] Network is unreachable
  RuntimeWarning,
distributed.worker - INFO -       Start worker at:     tcp://172.30.6.0:33657
distributed.worker - INFO - -------------------------------------------------
/scratch/cnt0024/hmg2840/albert7a/anaconda3/lib/python3.7/site-packages/distributed/utils.py:136: RuntimeWarning: Couldn't detect a suitable IP address for reaching '8.8.8.8', defaulting to '127.0.0.1': [Errno 101] Network is unreachable
  RuntimeWarning,
distributed.worker - INFO -       Start worker at:     tcp://172.30.6.0:36637
distributed.worker - INFO - -------------------------------------------------
distributed.worker - INFO -          Listening to:     tcp://172.30.6.0:42565
distributed.worker - INFO -          dashboard at:           172.30.6.0:36897
distributed.worker - INFO - Waiting to connect to:   tcp://172.30.100.4:33161
/scratch/cnt0024/hmg2840/albert7a/anaconda3/lib/python3.7/site-packages/distributed/utils.py:136: RuntimeWarning: Couldn't detect a suitable IP address for reaching '8.8.8.8', defaulting to '127.0.0.1': [Errno 101] Network is unreachable
  RuntimeWarning,
distributed.worker - INFO -       Start worker at:     tcp://172.30.6.0:35379
distributed.worker - INFO -          Listening to:     tcp://172.30.6.0:36463
distributed.worker - INFO - Waiting to connect to:   tcp://172.30.100.4:33161
distributed.worker - INFO - -------------------------------------------------
distributed.worker - INFO -          Listening to:     tcp://172.30.6.0:40489
distributed.worker - INFO -               Threads:                          1
distributed.worker - INFO -          Listening to:     tcp://172.30.6.0:38736
distributed.worker - INFO -          Listening to:     tcp://172.30.6.0:37489
distributed.worker - INFO -          Listening to:     tcp://172.30.6.0:45879
distributed.worker - INFO -          Listening to:     tcp://172.30.6.0:38700
distributed.worker - INFO -               Threads:                          1
distributed.worker - INFO - -------------------------------------------------
distributed.worker - INFO -          dashboard at:           172.30.6.0:44007
distributed.worker - INFO - Waiting to connect to:   tcp://172.30.100.4:33161
distributed.worker - INFO - -------------------------------------------------
distributed.worker - INFO -          Listening to:     tcp://172.30.6.0:41341
distributed.worker - INFO - -------------------------------------------------
distributed.worker - INFO -          Listening to:     tcp://172.30.6.0:43761
distributed.worker - INFO -               Threads:                          1
distributed.worker - INFO -          Listening to:     tcp://172.30.6.0:44674
distributed.worker - INFO -          Listening to:     tcp://172.30.6.0:33657
distributed.worker - INFO -               Threads:                          1
distributed.worker - INFO - Waiting to connect to:   tcp://172.30.100.4:33161
distributed.worker - INFO -          Listening to:     tcp://172.30.6.0:36637
distributed.worker - INFO -          dashboard at:           172.30.6.0:35802
distributed.worker - INFO - -------------------------------------------------
distributed.worker - INFO -               Threads:                          1
distributed.worker - INFO - -------------------------------------------------
distributed.worker - INFO -               Threads:                          1
distributed.worker - INFO -          Listening to:     tcp://172.30.6.0:35379
distributed.worker - INFO -          dashboard at:           172.30.6.0:40339
distributed.worker - INFO -                Memory:                    4.29 GB
distributed.worker - INFO -          dashboard at:           172.30.6.0:39545
distributed.worker - INFO -               Threads:                          1
distributed.worker - INFO -          dashboard at:           172.30.6.0:41950
distributed.worker - INFO -                Memory:                    4.29 GB
distributed.worker - INFO -          dashboard at:           172.30.6.0:38387
distributed.worker - INFO -          dashboard at:           172.30.6.0:46113
distributed.worker - INFO - Waiting to connect to:   tcp://172.30.100.4:33161
distributed.worker - INFO -          dashboard at:           172.30.6.0:45452
distributed.worker - INFO - -------------------------------------------------
distributed.worker - INFO -               Threads:                          1
distributed.worker - INFO -          dashboard at:           172.30.6.0:40352
distributed.worker - INFO -                Memory:                    4.29 GB
distributed.worker - INFO -               Threads:                          1
distributed.worker - INFO -          dashboard at:           172.30.6.0:32858
distributed.worker - INFO - -------------------------------------------------
distributed.worker - INFO -                Memory:                    4.29 GB
distributed.worker - INFO -               Threads:                          1
distributed.worker - INFO -                Memory:                    4.29 GB
distributed.worker - INFO -          dashboard at:           172.30.6.0:41756
distributed.worker - INFO -          dashboard at:           172.30.6.0:33258
distributed.worker - INFO - Waiting to connect to:   tcp://172.30.100.4:33161
distributed.worker - INFO -                Memory:                    4.29 GB
distributed.worker - INFO -          dashboard at:           172.30.6.0:45850
distributed.worker - INFO -                Memory:                    4.29 GB
distributed.worker - INFO -       Local Directory: /scratch/cnt0024/hmg2840/albert7a/daskjobqueue/worker-a9d2aqyc
distributed.worker - INFO -               Threads:                          1
distributed.worker - INFO - Waiting to connect to:   tcp://172.30.100.4:33161
distributed.worker - INFO -          dashboard at:           172.30.6.0:43145
distributed.worker - INFO -                Memory:                    4.29 GB
distributed.worker - INFO -               Threads:                          1
distributed.worker - INFO -       Local Directory: /scratch/cnt0024/hmg2840/albert7a/daskjobqueue/worker-6n9mod0f
distributed.worker - INFO - Waiting to connect to:   tcp://172.30.100.4:33161
distributed.worker - INFO - Waiting to connect to:   tcp://172.30.100.4:33161
distributed.worker - INFO - -------------------------------------------------
distributed.worker - INFO - Waiting to connect to:   tcp://172.30.100.4:33161
distributed.worker - INFO - Waiting to connect to:   tcp://172.30.100.4:33161
distributed.worker - INFO -       Local Directory: /scratch/cnt0024/hmg2840/albert7a/daskjobqueue/worker-8og_x38f
distributed.worker - INFO - Waiting to connect to:   tcp://172.30.100.4:33161
distributed.worker - INFO -                Memory:                    4.29 GB
distributed.worker - INFO - Waiting to connect to:   tcp://172.30.100.4:33161
distributed.worker - INFO -       Local Directory: /scratch/cnt0024/hmg2840/albert7a/daskjobqueue/worker-abxl_hzq
distributed.worker - INFO -               Threads:                          1
distributed.worker - INFO - Waiting to connect to:   tcp://172.30.100.4:33161
distributed.worker - INFO -                Memory:                    4.29 GB
distributed.worker - INFO -       Local Directory: /scratch/cnt0024/hmg2840/albert7a/daskjobqueue/worker-joa10hm0
distributed.worker - INFO - -------------------------------------------------
distributed.worker - INFO -               Threads:                          1
distributed.worker - INFO -       Local Directory: /scratch/cnt0024/hmg2840/albert7a/daskjobqueue/worker-tesnj2ij
distributed.worker - INFO - Waiting to connect to:   tcp://172.30.100.4:33161
distributed.worker - INFO - Waiting to connect to:   tcp://172.30.100.4:33161
distributed.worker - INFO -       Local Directory: /scratch/cnt0024/hmg2840/albert7a/daskjobqueue/worker-54972vxk
distributed.worker - INFO - Waiting to connect to:   tcp://172.30.100.4:33161
distributed.worker - INFO -                Memory:                    4.29 GB
distributed.worker - INFO -       Local Directory: /scratch/cnt0024/hmg2840/albert7a/daskjobqueue/worker-0g7mz9ep
distributed.worker - INFO - -------------------------------------------------
distributed.worker - INFO -                Memory:                    4.29 GB
distributed.worker - INFO - Waiting to connect to:   tcp://172.30.100.4:33161
distributed.worker - INFO - -------------------------------------------------
distributed.worker - INFO - -------------------------------------------------
distributed.worker - INFO - -------------------------------------------------
distributed.worker - INFO - -------------------------------------------------
distributed.worker - INFO - -------------------------------------------------
distributed.worker - INFO -       Local Directory: /scratch/cnt0024/hmg2840/albert7a/daskjobqueue/worker-2mj0_he5
distributed.worker - INFO - -------------------------------------------------
distributed.worker - INFO -               Threads:                          1
distributed.worker - INFO -                Memory:                    4.29 GB
distributed.worker - INFO - -------------------------------------------------
distributed.worker - INFO -       Local Directory: /scratch/cnt0024/hmg2840/albert7a/daskjobqueue/worker-e48l2qe_
distributed.worker - INFO - -------------------------------------------------
distributed.worker - INFO - -------------------------------------------------
distributed.worker - INFO -                Memory:                    4.29 GB
distributed.worker - INFO - -------------------------------------------------
distributed.worker - INFO - -------------------------------------------------
distributed.worker - INFO - -------------------------------------------------
distributed.worker - INFO -       Local Directory: /scratch/cnt0024/hmg2840/albert7a/daskjobqueue/worker-nini3cfw
distributed.worker - INFO -               Threads:                          1
distributed.worker - INFO - -------------------------------------------------
distributed.worker - INFO -       Local Directory: /scratch/cnt0024/hmg2840/albert7a/daskjobqueue/worker-ujcv7k1n
distributed.worker - INFO - -------------------------------------------------
distributed.worker - INFO - -------------------------------------------------
distributed.worker - INFO - -------------------------------------------------
distributed.worker - INFO - -------------------------------------------------
distributed.worker - INFO - -------------------------------------------------
distributed.worker - INFO -                Memory:                    4.29 GB
distributed.worker - INFO -       Local Directory: /scratch/cnt0024/hmg2840/albert7a/daskjobqueue/worker-91ps3fo1
distributed.worker - INFO -               Threads:                          1
distributed.worker - INFO - -------------------------------------------------
distributed.worker - INFO -               Threads:                          1
distributed.worker - INFO -       Local Directory: /scratch/cnt0024/hmg2840/albert7a/daskjobqueue/worker-wjkirrxc
distributed.worker - INFO -               Threads:                          1
distributed.worker - INFO -               Threads:                          1
distributed.worker - INFO -               Threads:                          1
distributed.worker - INFO -               Threads:                          1
distributed.worker - INFO -                Memory:                    4.29 GB
distributed.worker - INFO - -------------------------------------------------
distributed.worker - INFO -               Threads:                          1
distributed.worker - INFO - -------------------------------------------------
distributed.worker - INFO -               Threads:                          1
distributed.worker - INFO -       Local Directory: /scratch/cnt0024/hmg2840/albert7a/daskjobqueue/worker-qw0b25ox
distributed.worker - INFO -               Threads:                          1
distributed.worker - INFO -               Threads:                          1
distributed.worker - INFO - -------------------------------------------------
distributed.worker - INFO -               Threads:                          1
distributed.worker - INFO -                Memory:                    4.29 GB
distributed.worker - INFO -                Memory:                    4.29 GB
distributed.worker - INFO - -------------------------------------------------
distributed.worker - INFO -               Threads:                          1
distributed.worker - INFO -                Memory:                    4.29 GB
distributed.worker - INFO -                Memory:                    4.29 GB
distributed.worker - INFO -       Local Directory: /scratch/cnt0024/hmg2840/albert7a/daskjobqueue/worker-kd5x5dhu
distributed.worker - INFO -                Memory:                    4.29 GB
distributed.worker - INFO -                Memory:                    4.29 GB
distributed.worker - INFO -                Memory:                    4.29 GB
distributed.worker - INFO - -------------------------------------------------
distributed.worker - INFO -                Memory:                    4.29 GB
distributed.worker - INFO - -------------------------------------------------
distributed.worker - INFO -                Memory:                    4.29 GB
distributed.worker - INFO -                Memory:                    4.29 GB
distributed.worker - INFO -                Memory:                    4.29 GB
distributed.worker - INFO -       Local Directory: /scratch/cnt0024/hmg2840/albert7a/daskjobqueue/worker-5wylwzcq
distributed.worker - INFO -       Local Directory: /scratch/cnt0024/hmg2840/albert7a/daskjobqueue/worker-c8xo7s9f
distributed.worker - INFO -                Memory:                    4.29 GB
distributed.worker - INFO -       Local Directory: /scratch/cnt0024/hmg2840/albert7a/daskjobqueue/worker-x4wgajll
distributed.worker - INFO - -------------------------------------------------
distributed.worker - INFO -       Local Directory: /scratch/cnt0024/hmg2840/albert7a/daskjobqueue/worker-vvxstsbd
distributed.worker - INFO -       Local Directory: /scratch/cnt0024/hmg2840/albert7a/daskjobqueue/worker-u97e63ce
distributed.worker - INFO -       Local Directory: /scratch/cnt0024/hmg2840/albert7a/daskjobqueue/worker-6kshoc7d
distributed.worker - INFO -       Local Directory: /scratch/cnt0024/hmg2840/albert7a/daskjobqueue/worker-psam7h63
distributed.worker - INFO -       Local Directory: /scratch/cnt0024/hmg2840/albert7a/daskjobqueue/worker-p3utoj3d
distributed.worker - INFO -       Local Directory: /scratch/cnt0024/hmg2840/albert7a/daskjobqueue/worker-ue1f3f3s
distributed.worker - INFO -       Local Directory: /scratch/cnt0024/hmg2840/albert7a/daskjobqueue/worker-l37dts5y
distributed.worker - INFO -       Local Directory: /scratch/cnt0024/hmg2840/albert7a/daskjobqueue/worker-gfilhr46
distributed.worker - INFO - -------------------------------------------------
distributed.worker - INFO -       Local Directory: /scratch/cnt0024/hmg2840/albert7a/daskjobqueue/worker-0vr7mcdd
distributed.worker - INFO - -------------------------------------------------
distributed.worker - INFO - -------------------------------------------------
distributed.worker - INFO - -------------------------------------------------
distributed.worker - INFO - -------------------------------------------------
distributed.worker - INFO - -------------------------------------------------
distributed.worker - INFO - -------------------------------------------------
distributed.worker - INFO - -------------------------------------------------
distributed.worker - INFO - -------------------------------------------------
distributed.worker - INFO - -------------------------------------------------
distributed.worker - INFO - -------------------------------------------------
distributed.worker - INFO - -------------------------------------------------
distributed.worker - INFO - -------------------------------------------------
distributed.worker - INFO -         Registered to:   tcp://172.30.100.4:33161
distributed.worker - INFO - -------------------------------------------------
distributed.worker - INFO -         Registered to:   tcp://172.30.100.4:33161
distributed.worker - INFO - -------------------------------------------------
distributed.core - INFO - Starting established connection
distributed.core - INFO - Starting established connection
distributed.worker - INFO -         Registered to:   tcp://172.30.100.4:33161
distributed.worker - INFO - -------------------------------------------------
distributed.core - INFO - Starting established connection
distributed.worker - INFO -         Registered to:   tcp://172.30.100.4:33161
distributed.worker - INFO - -------------------------------------------------
distributed.worker - INFO -         Registered to:   tcp://172.30.100.4:33161
distributed.worker - INFO -         Registered to:   tcp://172.30.100.4:33161
distributed.worker - INFO -         Registered to:   tcp://172.30.100.4:33161
distributed.worker - INFO - -------------------------------------------------
distributed.worker - INFO -         Registered to:   tcp://172.30.100.4:33161
distributed.worker - INFO -         Registered to:   tcp://172.30.100.4:33161
distributed.worker - INFO -         Registered to:   tcp://172.30.100.4:33161
distributed.worker - INFO - -------------------------------------------------
distributed.worker - INFO -         Registered to:   tcp://172.30.100.4:33161
distributed.worker - INFO - -------------------------------------------------
distributed.worker - INFO - -------------------------------------------------
distributed.worker - INFO - -------------------------------------------------
distributed.core - INFO - Starting established connection
distributed.worker - INFO - -------------------------------------------------
distributed.worker - INFO - -------------------------------------------------
distributed.worker - INFO -         Registered to:   tcp://172.30.100.4:33161
distributed.core - INFO - Starting established connection
distributed.worker - INFO -         Registered to:   tcp://172.30.100.4:33161
distributed.worker - INFO - -------------------------------------------------
distributed.core - INFO - Starting established connection
distributed.core - INFO - Starting established connection
distributed.worker - INFO - -------------------------------------------------
distributed.core - INFO - Starting established connection
distributed.worker - INFO -         Registered to:   tcp://172.30.100.4:33161
distributed.core - INFO - Starting established connection
distributed.core - INFO - Starting established connection
distributed.worker - INFO - -------------------------------------------------
distributed.core - INFO - Starting established connection
distributed.core - INFO - Starting established connection
distributed.core - INFO - Starting established connection
distributed.core - INFO - Starting established connection
distributed.worker - INFO -         Registered to:   tcp://172.30.100.4:33161
distributed.worker - INFO - -------------------------------------------------
distributed.worker - INFO -         Registered to:   tcp://172.30.100.4:33161
distributed.worker - INFO -         Registered to:   tcp://172.30.100.4:33161
distributed.worker - INFO -         Registered to:   tcp://172.30.100.4:33161
distributed.worker - INFO - -------------------------------------------------
distributed.worker - INFO - -------------------------------------------------
distributed.worker - INFO -         Registered to:   tcp://172.30.100.4:33161
distributed.worker - INFO - -------------------------------------------------
distributed.worker - INFO - -------------------------------------------------
distributed.worker - INFO -         Registered to:   tcp://172.30.100.4:33161
distributed.worker - INFO -         Registered to:   tcp://172.30.100.4:33161
distributed.core - INFO - Starting established connection
distributed.worker - INFO - -------------------------------------------------
distributed.worker - INFO - -------------------------------------------------
distributed.core - INFO - Starting established connection
distributed.core - INFO - Starting established connection
distributed.core - INFO - Starting established connection
distributed.core - INFO - Starting established connection
distributed.core - INFO - Starting established connection
distributed.core - INFO - Starting established connection
distributed.worker - INFO -         Registered to:   tcp://172.30.100.4:33161
distributed.worker - INFO -         Registered to:   tcp://172.30.100.4:33161
distributed.worker - INFO -         Registered to:   tcp://172.30.100.4:33161
distributed.worker - INFO - -------------------------------------------------
distributed.worker - INFO - -------------------------------------------------
distributed.worker - INFO - -------------------------------------------------
distributed.core - INFO - Starting established connection
distributed.core - INFO - Starting established connection
distributed.core - INFO - Starting established connection
distributed.worker - INFO -         Registered to:   tcp://172.30.100.4:33161
distributed.worker - INFO -         Registered to:   tcp://172.30.100.4:33161
distributed.worker - INFO - -------------------------------------------------
distributed.worker - INFO - -------------------------------------------------
distributed.worker - INFO -         Registered to:   tcp://172.30.100.4:33161
distributed.worker - INFO -         Registered to:   tcp://172.30.100.4:33161
distributed.worker - INFO - -------------------------------------------------
distributed.worker - INFO - -------------------------------------------------
distributed.core - INFO - Starting established connection
distributed.core - INFO - Starting established connection
distributed.core - INFO - Starting established connection
distributed.core - INFO - Starting established connection
distributed.worker - INFO - Connection to scheduler broken.  Reconnecting...
distributed.worker - INFO - Connection to scheduler broken.  Reconnecting...
distributed.worker - INFO - Connection to scheduler broken.  Reconnecting...
distributed.worker - INFO - Connection to scheduler broken.  Reconnecting...
distributed.worker - INFO - Connection to scheduler broken.  Reconnecting...
distributed.worker - INFO - Connection to scheduler broken.  Reconnecting...
distributed.worker - INFO - Connection to scheduler broken.  Reconnecting...
distributed.worker - INFO - Connection to scheduler broken.  Reconnecting...
distributed.worker - INFO - Connection to scheduler broken.  Reconnecting...
distributed.worker - INFO - Connection to scheduler broken.  Reconnecting...
distributed.worker - INFO - -------------------------------------------------
distributed.worker - INFO - Connection to scheduler broken.  Reconnecting...
distributed.worker - INFO - -------------------------------------------------
distributed.worker - INFO - Connection to scheduler broken.  Reconnecting...
distributed.worker - INFO - -------------------------------------------------
distributed.worker - INFO - Connection to scheduler broken.  Reconnecting...
distributed.worker - INFO - Connection to scheduler broken.  Reconnecting...
distributed.worker - INFO - -------------------------------------------------
distributed.worker - INFO - -------------------------------------------------
distributed.worker - INFO - Connection to scheduler broken.  Reconnecting...
distributed.worker - INFO - -------------------------------------------------
distributed.worker - INFO - -------------------------------------------------
distributed.worker - INFO - Connection to scheduler broken.  Reconnecting...
distributed.worker - INFO - -------------------------------------------------
distributed.worker - INFO - -------------------------------------------------
distributed.worker - INFO - Connection to scheduler broken.  Reconnecting...
distributed.worker - INFO - Connection to scheduler broken.  Reconnecting...
distributed.worker - INFO - -------------------------------------------------
distributed.worker - INFO - Connection to scheduler broken.  Reconnecting...
distributed.worker - INFO - Connection to scheduler broken.  Reconnecting...
distributed.worker - INFO - -------------------------------------------------
distributed.worker - INFO - Connection to scheduler broken.  Reconnecting...
distributed.worker - INFO - -------------------------------------------------
distributed.worker - INFO - -------------------------------------------------
distributed.worker - INFO - -------------------------------------------------
distributed.worker - INFO - Connection to scheduler broken.  Reconnecting...
distributed.worker - INFO - -------------------------------------------------
distributed.worker - INFO - Connection to scheduler broken.  Reconnecting...
distributed.worker - INFO - -------------------------------------------------
distributed.worker - INFO - Connection to scheduler broken.  Reconnecting...
distributed.worker - INFO - Connection to scheduler broken.  Reconnecting...
distributed.worker - INFO - -------------------------------------------------
distributed.worker - INFO - Connection to scheduler broken.  Reconnecting...
distributed.worker - INFO - Connection to scheduler broken.  Reconnecting...
distributed.worker - INFO - -------------------------------------------------
distributed.worker - INFO - -------------------------------------------------
distributed.worker - INFO - -------------------------------------------------
distributed.worker - INFO - Connection to scheduler broken.  Reconnecting...
distributed.worker - INFO - -------------------------------------------------
distributed.worker - INFO - -------------------------------------------------
distributed.worker - INFO - -------------------------------------------------
distributed.worker - INFO - -------------------------------------------------
distributed.worker - INFO - -------------------------------------------------
distributed.worker - INFO - -------------------------------------------------
distributed.worker - INFO - -------------------------------------------------
distributed.worker - INFO - -------------------------------------------------
distributed.worker - INFO - Waiting to connect to:   tcp://172.30.100.4:33161
distributed.worker - INFO - Waiting to connect to:   tcp://172.30.100.4:33161
distributed.worker - INFO - Waiting to connect to:   tcp://172.30.100.4:33161
distributed.worker - INFO - Waiting to connect to:   tcp://172.30.100.4:33161
distributed.worker - INFO - Waiting to connect to:   tcp://172.30.100.4:33161
distributed.worker - INFO - Waiting to connect to:   tcp://172.30.100.4:33161
distributed.worker - INFO - Waiting to connect to:   tcp://172.30.100.4:33161
distributed.worker - INFO - Waiting to connect to:   tcp://172.30.100.4:33161
distributed.worker - INFO - Waiting to connect to:   tcp://172.30.100.4:33161
distributed.worker - INFO - Waiting to connect to:   tcp://172.30.100.4:33161
distributed.worker - INFO - Waiting to connect to:   tcp://172.30.100.4:33161
distributed.worker - INFO - Waiting to connect to:   tcp://172.30.100.4:33161
distributed.worker - INFO - Waiting to connect to:   tcp://172.30.100.4:33161
distributed.worker - INFO - Waiting to connect to:   tcp://172.30.100.4:33161
distributed.worker - INFO - Waiting to connect to:   tcp://172.30.100.4:33161
distributed.worker - INFO - Waiting to connect to:   tcp://172.30.100.4:33161
distributed.worker - INFO - Waiting to connect to:   tcp://172.30.100.4:33161
distributed.worker - INFO - Waiting to connect to:   tcp://172.30.100.4:33161
distributed.worker - INFO - Waiting to connect to:   tcp://172.30.100.4:33161
distributed.worker - INFO - Waiting to connect to:   tcp://172.30.100.4:33161
distributed.worker - INFO - Waiting to connect to:   tcp://172.30.100.4:33161
distributed.worker - INFO - Waiting to connect to:   tcp://172.30.100.4:33161
distributed.worker - INFO - Waiting to connect to:   tcp://172.30.100.4:33161
distributed.worker - INFO - Waiting to connect to:   tcp://172.30.100.4:33161
distributed.worker - INFO - Waiting to connect to:   tcp://172.30.100.4:33161
distributed.worker - INFO - Waiting to connect to:   tcp://172.30.100.4:33161
distributed.worker - INFO - Waiting to connect to:   tcp://172.30.100.4:33161
distributed.worker - INFO - Waiting to connect to:   tcp://172.30.100.4:33161
distributed.worker - INFO - Waiting to connect to:   tcp://172.30.100.4:33161
distributed.worker - INFO - Waiting to connect to:   tcp://172.30.100.4:33161
distributed.worker - INFO - Waiting to connect to:   tcp://172.30.100.4:33161
distributed.worker - INFO - Waiting to connect to:   tcp://172.30.100.4:33161
distributed.worker - INFO - Waiting to connect to:   tcp://172.30.100.4:33161
distributed.worker - INFO - Waiting to connect to:   tcp://172.30.100.4:33161
distributed.worker - INFO - Waiting to connect to:   tcp://172.30.100.4:33161
distributed.worker - INFO - Waiting to connect to:   tcp://172.30.100.4:33161
distributed.worker - INFO - Waiting to connect to:   tcp://172.30.100.4:33161
distributed.worker - INFO - Waiting to connect to:   tcp://172.30.100.4:33161
distributed.worker - INFO - Waiting to connect to:   tcp://172.30.100.4:33161
distributed.worker - INFO - Waiting to connect to:   tcp://172.30.100.4:33161
distributed.worker - INFO - Waiting to connect to:   tcp://172.30.100.4:33161
distributed.worker - INFO - Waiting to connect to:   tcp://172.30.100.4:33161
distributed.worker - INFO - Waiting to connect to:   tcp://172.30.100.4:33161
distributed.worker - INFO - Waiting to connect to:   tcp://172.30.100.4:33161
distributed.worker - INFO - Waiting to connect to:   tcp://172.30.100.4:33161
distributed.worker - INFO - Waiting to connect to:   tcp://172.30.100.4:33161
distributed.worker - INFO - Waiting to connect to:   tcp://172.30.100.4:33161
distributed.worker - INFO - Waiting to connect to:   tcp://172.30.100.4:33161
distributed.worker - INFO - Waiting to connect to:   tcp://172.30.100.4:33161
distributed.worker - INFO - Waiting to connect to:   tcp://172.30.100.4:33161
distributed.worker - INFO - Waiting to connect to:   tcp://172.30.100.4:33161
distributed.worker - INFO - Waiting to connect to:   tcp://172.30.100.4:33161
distributed.worker - INFO - Waiting to connect to:   tcp://172.30.100.4:33161
distributed.worker - INFO - Waiting to connect to:   tcp://172.30.100.4:33161
distributed.worker - INFO - Waiting to connect to:   tcp://172.30.100.4:33161
distributed.worker - INFO - Waiting to connect to:   tcp://172.30.100.4:33161
distributed.worker - INFO - Waiting to connect to:   tcp://172.30.100.4:33161
distributed.worker - INFO - Waiting to connect to:   tcp://172.30.100.4:33161
distributed.worker - INFO - Waiting to connect to:   tcp://172.30.100.4:33161
distributed.worker - INFO - Waiting to connect to:   tcp://172.30.100.4:33161
distributed.worker - INFO - Waiting to connect to:   tcp://172.30.100.4:33161
distributed.worker - INFO - Waiting to connect to:   tcp://172.30.100.4:33161
distributed.worker - INFO - Waiting to connect to:   tcp://172.30.100.4:33161
distributed.worker - INFO - Waiting to connect to:   tcp://172.30.100.4:33161
distributed.worker - INFO - Waiting to connect to:   tcp://172.30.100.4:33161
distributed.worker - INFO - Waiting to connect to:   tcp://172.30.100.4:33161
distributed.worker - INFO - Waiting to connect to:   tcp://172.30.100.4:33161
distributed.worker - INFO - Waiting to connect to:   tcp://172.30.100.4:33161
distributed.worker - INFO - Waiting to connect to:   tcp://172.30.100.4:33161
distributed.worker - INFO - Waiting to connect to:   tcp://172.30.100.4:33161
distributed.worker - INFO - Waiting to connect to:   tcp://172.30.100.4:33161
distributed.worker - INFO - Waiting to connect to:   tcp://172.30.100.4:33161
distributed.worker - INFO - Waiting to connect to:   tcp://172.30.100.4:33161
distributed.worker - INFO - Waiting to connect to:   tcp://172.30.100.4:33161
distributed.worker - INFO - Waiting to connect to:   tcp://172.30.100.4:33161
distributed.worker - INFO - Waiting to connect to:   tcp://172.30.100.4:33161
distributed.worker - INFO - Waiting to connect to:   tcp://172.30.100.4:33161
distributed.worker - INFO - Waiting to connect to:   tcp://172.30.100.4:33161
distributed.worker - INFO - Waiting to connect to:   tcp://172.30.100.4:33161
distributed.worker - INFO - Waiting to connect to:   tcp://172.30.100.4:33161
distributed.worker - INFO - Waiting to connect to:   tcp://172.30.100.4:33161
distributed.worker - INFO - Waiting to connect to:   tcp://172.30.100.4:33161
distributed.worker - INFO - Waiting to connect to:   tcp://172.30.100.4:33161
distributed.worker - INFO - Waiting to connect to:   tcp://172.30.100.4:33161
distributed.worker - INFO - Waiting to connect to:   tcp://172.30.100.4:33161
distributed.worker - INFO - Waiting to connect to:   tcp://172.30.100.4:33161
distributed.worker - INFO - Waiting to connect to:   tcp://172.30.100.4:33161
distributed.worker - INFO - Waiting to connect to:   tcp://172.30.100.4:33161
distributed.worker - INFO - Waiting to connect to:   tcp://172.30.100.4:33161
distributed.worker - INFO - Waiting to connect to:   tcp://172.30.100.4:33161
distributed.worker - INFO - Waiting to connect to:   tcp://172.30.100.4:33161
distributed.worker - INFO - Waiting to connect to:   tcp://172.30.100.4:33161
distributed.worker - INFO - Waiting to connect to:   tcp://172.30.100.4:33161
distributed.worker - INFO - Waiting to connect to:   tcp://172.30.100.4:33161
distributed.worker - INFO - Waiting to connect to:   tcp://172.30.100.4:33161
distributed.worker - INFO - Waiting to connect to:   tcp://172.30.100.4:33161
distributed.worker - INFO - Waiting to connect to:   tcp://172.30.100.4:33161
distributed.worker - INFO - Waiting to connect to:   tcp://172.30.100.4:33161
distributed.worker - INFO - Waiting to connect to:   tcp://172.30.100.4:33161
distributed.worker - INFO - Waiting to connect to:   tcp://172.30.100.4:33161
distributed.worker - INFO - Waiting to connect to:   tcp://172.30.100.4:33161
distributed.worker - INFO - Waiting to connect to:   tcp://172.30.100.4:33161
distributed.worker - INFO - Waiting to connect to:   tcp://172.30.100.4:33161
distributed.worker - INFO - Waiting to connect to:   tcp://172.30.100.4:33161
distributed.worker - INFO - Waiting to connect to:   tcp://172.30.100.4:33161
distributed.worker - INFO - Waiting to connect to:   tcp://172.30.100.4:33161
distributed.worker - INFO - Waiting to connect to:   tcp://172.30.100.4:33161
distributed.worker - INFO - Waiting to connect to:   tcp://172.30.100.4:33161
distributed.worker - INFO - Waiting to connect to:   tcp://172.30.100.4:33161
distributed.worker - INFO - Waiting to connect to:   tcp://172.30.100.4:33161
distributed.worker - INFO - Waiting to connect to:   tcp://172.30.100.4:33161
distributed.worker - INFO - Waiting to connect to:   tcp://172.30.100.4:33161
distributed.worker - INFO - Waiting to connect to:   tcp://172.30.100.4:33161
distributed.worker - INFO - Waiting to connect to:   tcp://172.30.100.4:33161
distributed.worker - INFO - Waiting to connect to:   tcp://172.30.100.4:33161
distributed.worker - INFO - Waiting to connect to:   tcp://172.30.100.4:33161
distributed.worker - INFO - Waiting to connect to:   tcp://172.30.100.4:33161
distributed.worker - INFO - Waiting to connect to:   tcp://172.30.100.4:33161
distributed.worker - INFO - Waiting to connect to:   tcp://172.30.100.4:33161
distributed.worker - INFO - Waiting to connect to:   tcp://172.30.100.4:33161
distributed.worker - INFO - Waiting to connect to:   tcp://172.30.100.4:33161
distributed.worker - INFO - Waiting to connect to:   tcp://172.30.100.4:33161
distributed.worker - INFO - Waiting to connect to:   tcp://172.30.100.4:33161
distributed.worker - INFO - Waiting to connect to:   tcp://172.30.100.4:33161
distributed.worker - INFO - Waiting to connect to:   tcp://172.30.100.4:33161
distributed.worker - INFO - Waiting to connect to:   tcp://172.30.100.4:33161
distributed.worker - INFO - Waiting to connect to:   tcp://172.30.100.4:33161
distributed.worker - INFO - Waiting to connect to:   tcp://172.30.100.4:33161
distributed.worker - INFO - Waiting to connect to:   tcp://172.30.100.4:33161
distributed.worker - INFO - Waiting to connect to:   tcp://172.30.100.4:33161
distributed.worker - INFO - Waiting to connect to:   tcp://172.30.100.4:33161
distributed.worker - INFO - Waiting to connect to:   tcp://172.30.100.4:33161
distributed.worker - INFO - Waiting to connect to:   tcp://172.30.100.4:33161
distributed.worker - INFO - Waiting to connect to:   tcp://172.30.100.4:33161
distributed.worker - INFO - Waiting to connect to:   tcp://172.30.100.4:33161
distributed.worker - INFO - Waiting to connect to:   tcp://172.30.100.4:33161
distributed.worker - INFO - Waiting to connect to:   tcp://172.30.100.4:33161
distributed.worker - INFO - Waiting to connect to:   tcp://172.30.100.4:33161
distributed.worker - INFO - Waiting to connect to:   tcp://172.30.100.4:33161
distributed.worker - INFO - Waiting to connect to:   tcp://172.30.100.4:33161
distributed.worker - INFO - Waiting to connect to:   tcp://172.30.100.4:33161
distributed.worker - INFO - Waiting to connect to:   tcp://172.30.100.4:33161
distributed.worker - INFO - Waiting to connect to:   tcp://172.30.100.4:33161
distributed.worker - INFO - Waiting to connect to:   tcp://172.30.100.4:33161
distributed.worker - INFO - Waiting to connect to:   tcp://172.30.100.4:33161
distributed.worker - INFO - Waiting to connect to:   tcp://172.30.100.4:33161
distributed.worker - INFO - Waiting to connect to:   tcp://172.30.100.4:33161
distributed.worker - INFO - Waiting to connect to:   tcp://172.30.100.4:33161
distributed.worker - INFO - Waiting to connect to:   tcp://172.30.100.4:33161
distributed.worker - INFO - Waiting to connect to:   tcp://172.30.100.4:33161
distributed.worker - INFO - Waiting to connect to:   tcp://172.30.100.4:33161
distributed.worker - INFO - Waiting to connect to:   tcp://172.30.100.4:33161
distributed.worker - INFO - Waiting to connect to:   tcp://172.30.100.4:33161
distributed.worker - INFO - Waiting to connect to:   tcp://172.30.100.4:33161
distributed.worker - INFO - Waiting to connect to:   tcp://172.30.100.4:33161
distributed.worker - INFO - Waiting to connect to:   tcp://172.30.100.4:33161
distributed.worker - INFO - Waiting to connect to:   tcp://172.30.100.4:33161
distributed.worker - INFO - Waiting to connect to:   tcp://172.30.100.4:33161
distributed.worker - INFO - Waiting to connect to:   tcp://172.30.100.4:33161
distributed.worker - INFO - Waiting to connect to:   tcp://172.30.100.4:33161
distributed.worker - INFO - Waiting to connect to:   tcp://172.30.100.4:33161
distributed.worker - INFO - Waiting to connect to:   tcp://172.30.100.4:33161
distributed.worker - INFO - Waiting to connect to:   tcp://172.30.100.4:33161
distributed.worker - INFO - Waiting to connect to:   tcp://172.30.100.4:33161
distributed.worker - INFO - Waiting to connect to:   tcp://172.30.100.4:33161
distributed.worker - INFO - Waiting to connect to:   tcp://172.30.100.4:33161
distributed.worker - INFO - Waiting to connect to:   tcp://172.30.100.4:33161
distributed.worker - INFO - Waiting to connect to:   tcp://172.30.100.4:33161
distributed.worker - ERROR - Timed out when connecting to scheduler 'tcp://172.30.100.4:33161'
NoneType: None
distributed.worker - INFO - Stopping worker at tcp://172.30.6.0:33587
distributed.worker - ERROR - Timed out when connecting to scheduler 'tcp://172.30.100.4:33161'
NoneType: None
distributed.worker - INFO - Stopping worker at tcp://172.30.6.0:39832
distributed.worker - ERROR - Timed out when connecting to scheduler 'tcp://172.30.100.4:33161'
NoneType: None
distributed.worker - INFO - Stopping worker at tcp://172.30.6.0:45879
distributed.worker - ERROR - Timed out when connecting to scheduler 'tcp://172.30.100.4:33161'
NoneType: None
distributed.worker - INFO - Stopping worker at tcp://172.30.6.0:41341
distributed.worker - ERROR - Timed out when connecting to scheduler 'tcp://172.30.100.4:33161'
NoneType: None
distributed.worker - INFO - Stopping worker at tcp://172.30.6.0:42113
distributed.worker - ERROR - Timed out when connecting to scheduler 'tcp://172.30.100.4:33161'
NoneType: None
distributed.worker - INFO - Stopping worker at tcp://172.30.6.0:36153
distributed.nanny - INFO - Closing Nanny at 'tcp://172.30.6.0:33838'
distributed.worker - ERROR - Timed out when connecting to scheduler 'tcp://172.30.100.4:33161'
NoneType: None
distributed.worker - INFO - Stopping worker at tcp://172.30.6.0:45804
distributed.nanny - INFO - Closing Nanny at 'tcp://172.30.6.0:43937'
distributed.nanny - INFO - Closing Nanny at 'tcp://172.30.6.0:40470'
distributed.worker - ERROR - Timed out when connecting to scheduler 'tcp://172.30.100.4:33161'
NoneType: None
distributed.worker - ERROR - Timed out when connecting to scheduler 'tcp://172.30.100.4:33161'
NoneType: None
distributed.worker - INFO - Stopping worker at tcp://172.30.6.0:34492
distributed.worker - INFO - Stopping worker at tcp://172.30.6.0:44674
distributed.worker - ERROR - Timed out when connecting to scheduler 'tcp://172.30.100.4:33161'
NoneType: None
distributed.worker - INFO - Stopping worker at tcp://172.30.6.0:42307
distributed.worker - ERROR - Timed out when connecting to scheduler 'tcp://172.30.100.4:33161'
NoneType: None
distributed.worker - INFO - Stopping worker at tcp://172.30.6.0:38919
distributed.nanny - INFO - Closing Nanny at 'tcp://172.30.6.0:37868'
distributed.worker - ERROR - Timed out when connecting to scheduler 'tcp://172.30.100.4:33161'
NoneType: None
distributed.worker - INFO - Stopping worker at tcp://172.30.6.0:35582
distributed.worker - ERROR - Timed out when connecting to scheduler 'tcp://172.30.100.4:33161'
NoneType: None
distributed.worker - INFO - Stopping worker at tcp://172.30.6.0:42565
distributed.worker - ERROR - Timed out when connecting to scheduler 'tcp://172.30.100.4:33161'
NoneType: None
distributed.worker - INFO - Stopping worker at tcp://172.30.6.0:33657
distributed.worker - ERROR - Timed out when connecting to scheduler 'tcp://172.30.100.4:33161'
NoneType: None
distributed.worker - ERROR - Timed out when connecting to scheduler 'tcp://172.30.100.4:33161'
NoneType: None
distributed.worker - INFO - Stopping worker at tcp://172.30.6.0:38700
distributed.worker - ERROR - Timed out when connecting to scheduler 'tcp://172.30.100.4:33161'
NoneType: None
distributed.worker - INFO - Stopping worker at tcp://172.30.6.0:36637
distributed.worker - INFO - Stopping worker at tcp://172.30.6.0:36463
distributed.nanny - INFO - Closing Nanny at 'tcp://172.30.6.0:36979'
distributed.worker - ERROR - Timed out when connecting to scheduler 'tcp://172.30.100.4:33161'
NoneType: None
distributed.worker - INFO - Stopping worker at tcp://172.30.6.0:41708
distributed.nanny - INFO - Closing Nanny at 'tcp://172.30.6.0:45078'
distributed.worker - ERROR - Timed out when connecting to scheduler 'tcp://172.30.100.4:33161'
NoneType: None
distributed.worker - INFO - Stopping worker at tcp://172.30.6.0:43798
distributed.worker - ERROR - Timed out when connecting to scheduler 'tcp://172.30.100.4:33161'
NoneType: None
distributed.worker - INFO - Stopping worker at tcp://172.30.6.0:39727
distributed.worker - ERROR - Timed out when connecting to scheduler 'tcp://172.30.100.4:33161'
NoneType: None
distributed.worker - ERROR - Timed out when connecting to scheduler 'tcp://172.30.100.4:33161'
NoneType: None
distributed.worker - ERROR - Timed out when connecting to scheduler 'tcp://172.30.100.4:33161'
NoneType: None
distributed.worker - INFO - Stopping worker at tcp://172.30.6.0:38736
distributed.worker - INFO - Stopping worker at tcp://172.30.6.0:43761
distributed.worker - INFO - Stopping worker at tcp://172.30.6.0:46182
distributed.worker - ERROR - Timed out when connecting to scheduler 'tcp://172.30.100.4:33161'
NoneType: None
distributed.worker - INFO - Stopping worker at tcp://172.30.6.0:37489
distributed.worker - ERROR - Timed out when connecting to scheduler 'tcp://172.30.100.4:33161'
NoneType: None
distributed.worker - INFO - Stopping worker at tcp://172.30.6.0:41896
distributed.worker - ERROR - Timed out when connecting to scheduler 'tcp://172.30.100.4:33161'
NoneType: None
distributed.worker - INFO - Stopping worker at tcp://172.30.6.0:40489
distributed.nanny - INFO - Closing Nanny at 'tcp://172.30.6.0:35780'
distributed.nanny - INFO - Closing Nanny at 'tcp://172.30.6.0:43810'
distributed.nanny - INFO - Closing Nanny at 'tcp://172.30.6.0:39808'
distributed.nanny - INFO - Closing Nanny at 'tcp://172.30.6.0:34991'
distributed.worker - ERROR - Timed out when connecting to scheduler 'tcp://172.30.100.4:33161'
NoneType: None
distributed.worker - INFO - Stopping worker at tcp://172.30.6.0:35613
distributed.worker - ERROR - Timed out when connecting to scheduler 'tcp://172.30.100.4:33161'
NoneType: None
distributed.worker - INFO - Stopping worker at tcp://172.30.6.0:35379
distributed.nanny - INFO - Closing Nanny at 'tcp://172.30.6.0:36028'
distributed.nanny - INFO - Closing Nanny at 'tcp://172.30.6.0:40939'
distributed.nanny - INFO - Closing Nanny at 'tcp://172.30.6.0:44107'
distributed.nanny - INFO - Closing Nanny at 'tcp://172.30.6.0:34708'
distributed.nanny - INFO - Closing Nanny at 'tcp://172.30.6.0:33769'
distributed.nanny - INFO - Closing Nanny at 'tcp://172.30.6.0:46570'
distributed.nanny - INFO - Closing Nanny at 'tcp://172.30.6.0:34555'
distributed.nanny - INFO - Closing Nanny at 'tcp://172.30.6.0:42649'
distributed.nanny - INFO - Closing Nanny at 'tcp://172.30.6.0:42760'
distributed.nanny - INFO - Closing Nanny at 'tcp://172.30.6.0:36362'
distributed.nanny - INFO - Closing Nanny at 'tcp://172.30.6.0:42013'
distributed.nanny - INFO - Closing Nanny at 'tcp://172.30.6.0:39390'
distributed.nanny - INFO - Closing Nanny at 'tcp://172.30.6.0:33822'
distributed.nanny - INFO - Closing Nanny at 'tcp://172.30.6.0:42178'
distributed.nanny - INFO - Closing Nanny at 'tcp://172.30.6.0:34765'
distributed.nanny - INFO - Closing Nanny at 'tcp://172.30.6.0:42491'
distributed.nanny - INFO - Closing Nanny at 'tcp://172.30.6.0:45543'
distributed.nanny - INFO - Closing Nanny at 'tcp://172.30.6.0:39416'
distributed.dask_worker - INFO - End worker
/scratch/cnt0024/hmg2840/albert7a/anaconda3/lib/python3.7/site-packages/distributed/utils.py:136: RuntimeWarning: Couldn't detect a suitable IP address for reaching '8.8.8.8', defaulting to '127.0.0.1': [Errno 101] Network is unreachable
  RuntimeWarning,
