/scratch/cnt0024/hmg2840/albert7a/anaconda3/lib/python3.7/site-packages/distributed/utils.py:136: RuntimeWarning: Couldn't detect a suitable IP address for reaching '8.8.8.8', defaulting to '127.0.0.1': [Errno 101] Network is unreachable
  RuntimeWarning,
distributed.nanny - INFO -         Start Nanny at: 'tcp://172.30.8.45:44690'
distributed.nanny - INFO -         Start Nanny at: 'tcp://172.30.8.45:33534'
distributed.nanny - INFO -         Start Nanny at: 'tcp://172.30.8.45:45991'
distributed.nanny - INFO -         Start Nanny at: 'tcp://172.30.8.45:44919'
distributed.nanny - INFO -         Start Nanny at: 'tcp://172.30.8.45:42321'
distributed.nanny - INFO -         Start Nanny at: 'tcp://172.30.8.45:40423'
distributed.nanny - INFO -         Start Nanny at: 'tcp://172.30.8.45:44373'
distributed.nanny - INFO -         Start Nanny at: 'tcp://172.30.8.45:45228'
distributed.nanny - INFO -         Start Nanny at: 'tcp://172.30.8.45:33116'
distributed.nanny - INFO -         Start Nanny at: 'tcp://172.30.8.45:46106'
distributed.nanny - INFO -         Start Nanny at: 'tcp://172.30.8.45:34419'
distributed.nanny - INFO -         Start Nanny at: 'tcp://172.30.8.45:44089'
distributed.nanny - INFO -         Start Nanny at: 'tcp://172.30.8.45:40122'
distributed.nanny - INFO -         Start Nanny at: 'tcp://172.30.8.45:33189'
distributed.nanny - INFO -         Start Nanny at: 'tcp://172.30.8.45:36046'
distributed.nanny - INFO -         Start Nanny at: 'tcp://172.30.8.45:42644'
distributed.nanny - INFO -         Start Nanny at: 'tcp://172.30.8.45:39112'
distributed.nanny - INFO -         Start Nanny at: 'tcp://172.30.8.45:36521'
distributed.nanny - INFO -         Start Nanny at: 'tcp://172.30.8.45:41467'
distributed.nanny - INFO -         Start Nanny at: 'tcp://172.30.8.45:40205'
distributed.nanny - INFO -         Start Nanny at: 'tcp://172.30.8.45:46126'
distributed.nanny - INFO -         Start Nanny at: 'tcp://172.30.8.45:39011'
distributed.nanny - INFO -         Start Nanny at: 'tcp://172.30.8.45:34430'
distributed.nanny - INFO -         Start Nanny at: 'tcp://172.30.8.45:43306'
distributed.nanny - INFO -         Start Nanny at: 'tcp://172.30.8.45:41486'
distributed.nanny - INFO -         Start Nanny at: 'tcp://172.30.8.45:41465'
distributed.nanny - INFO -         Start Nanny at: 'tcp://172.30.8.45:45633'
distributed.nanny - INFO -         Start Nanny at: 'tcp://172.30.8.45:41959'
/scratch/cnt0024/hmg2840/albert7a/anaconda3/lib/python3.7/site-packages/distributed/utils.py:136: RuntimeWarning: Couldn't detect a suitable IP address for reaching '8.8.8.8', defaulting to '127.0.0.1': [Errno 101] Network is unreachable
  RuntimeWarning,
distributed.diskutils - INFO - Found stale lock file and directory '/scratch/cnt0024/hmg2840/albert7a/daskjobqueue/worker-6n2foood', purging
distributed.diskutils - INFO - Found stale lock file and directory '/scratch/cnt0024/hmg2840/albert7a/daskjobqueue/worker-hxwgfj8c', purging
distributed.diskutils - INFO - Found stale lock file and directory '/scratch/cnt0024/hmg2840/albert7a/daskjobqueue/worker-qghp3fui', purging
distributed.diskutils - INFO - Found stale lock file and directory '/scratch/cnt0024/hmg2840/albert7a/daskjobqueue/worker-6df8mv8y', purging
distributed.diskutils - INFO - Found stale lock file and directory '/scratch/cnt0024/hmg2840/albert7a/daskjobqueue/worker-wwwuj6e2', purging
distributed.diskutils - INFO - Found stale lock file and directory '/scratch/cnt0024/hmg2840/albert7a/daskjobqueue/worker-tf0uzy4o', purging
distributed.diskutils - INFO - Found stale lock file and directory '/scratch/cnt0024/hmg2840/albert7a/daskjobqueue/worker-65pnmk8y', purging
distributed.diskutils - INFO - Found stale lock file and directory '/scratch/cnt0024/hmg2840/albert7a/daskjobqueue/worker-husx6wum', purging
distributed.diskutils - INFO - Found stale lock file and directory '/scratch/cnt0024/hmg2840/albert7a/daskjobqueue/worker-icsytjym', purging
distributed.diskutils - INFO - Found stale lock file and directory '/scratch/cnt0024/hmg2840/albert7a/daskjobqueue/worker-ijzydhp7', purging
distributed.diskutils - INFO - Found stale lock file and directory '/scratch/cnt0024/hmg2840/albert7a/daskjobqueue/worker-6zt1cj8d', purging
distributed.diskutils - INFO - Found stale lock file and directory '/scratch/cnt0024/hmg2840/albert7a/daskjobqueue/worker-qevpj0fy', purging
distributed.diskutils - INFO - Found stale lock file and directory '/scratch/cnt0024/hmg2840/albert7a/daskjobqueue/worker-60yscvbo', purging
distributed.diskutils - INFO - Found stale lock file and directory '/scratch/cnt0024/hmg2840/albert7a/daskjobqueue/worker-zzzjgldy', purging
distributed.diskutils - INFO - Found stale lock file and directory '/scratch/cnt0024/hmg2840/albert7a/daskjobqueue/worker-hfju0_ka', purging
distributed.diskutils - INFO - Found stale lock file and directory '/scratch/cnt0024/hmg2840/albert7a/daskjobqueue/worker-tylr1q6u', purging
distributed.diskutils - INFO - Found stale lock file and directory '/scratch/cnt0024/hmg2840/albert7a/daskjobqueue/worker-k1awhm6g', purging
distributed.diskutils - INFO - Found stale lock file and directory '/scratch/cnt0024/hmg2840/albert7a/daskjobqueue/worker-h5qmentb', purging
distributed.diskutils - INFO - Found stale lock file and directory '/scratch/cnt0024/hmg2840/albert7a/daskjobqueue/worker-679mj1jp', purging
distributed.diskutils - INFO - Found stale lock file and directory '/scratch/cnt0024/hmg2840/albert7a/daskjobqueue/worker-1l3znoep', purging
distributed.diskutils - INFO - Found stale lock file and directory '/scratch/cnt0024/hmg2840/albert7a/daskjobqueue/worker-cfsi2lt4', purging
distributed.diskutils - INFO - Found stale lock file and directory '/scratch/cnt0024/hmg2840/albert7a/daskjobqueue/worker-ry9i87r4', purging
distributed.diskutils - INFO - Found stale lock file and directory '/scratch/cnt0024/hmg2840/albert7a/daskjobqueue/worker-v2wca5ok', purging
distributed.diskutils - INFO - Found stale lock file and directory '/scratch/cnt0024/hmg2840/albert7a/daskjobqueue/worker-2y6tzqni', purging
distributed.diskutils - INFO - Found stale lock file and directory '/scratch/cnt0024/hmg2840/albert7a/daskjobqueue/worker-o05dlz10', purging
distributed.diskutils - INFO - Found stale lock file and directory '/scratch/cnt0024/hmg2840/albert7a/daskjobqueue/worker-rq132ddg', purging
distributed.diskutils - INFO - Found stale lock file and directory '/scratch/cnt0024/hmg2840/albert7a/daskjobqueue/worker-4p3hncc9', purging
distributed.diskutils - INFO - Found stale lock file and directory '/scratch/cnt0024/hmg2840/albert7a/daskjobqueue/worker-i2avlz9j', purging
distributed.diskutils - INFO - Found stale lock file and directory '/scratch/cnt0024/hmg2840/albert7a/daskjobqueue/worker-m08i_a3f', purging
distributed.diskutils - INFO - Found stale lock file and directory '/scratch/cnt0024/hmg2840/albert7a/daskjobqueue/worker-5c9b3n8e', purging
distributed.diskutils - INFO - Found stale lock file and directory '/scratch/cnt0024/hmg2840/albert7a/daskjobqueue/worker-w0q3bdqc', purging
distributed.diskutils - INFO - Found stale lock file and directory '/scratch/cnt0024/hmg2840/albert7a/daskjobqueue/worker-jintv1yz', purging
distributed.diskutils - INFO - Found stale lock file and directory '/scratch/cnt0024/hmg2840/albert7a/daskjobqueue/worker-nzjzfy1g', purging
distributed.diskutils - INFO - Found stale lock file and directory '/scratch/cnt0024/hmg2840/albert7a/daskjobqueue/worker-gzgj_5u9', purging
distributed.diskutils - INFO - Found stale lock file and directory '/scratch/cnt0024/hmg2840/albert7a/daskjobqueue/worker-2notn8tm', purging
distributed.diskutils - INFO - Found stale lock file and directory '/scratch/cnt0024/hmg2840/albert7a/daskjobqueue/worker-cdq0m2r4', purging
distributed.diskutils - INFO - Found stale lock file and directory '/scratch/cnt0024/hmg2840/albert7a/daskjobqueue/worker-96a4jcab', purging
distributed.diskutils - INFO - Found stale lock file and directory '/scratch/cnt0024/hmg2840/albert7a/daskjobqueue/worker-nofbjqq8', purging
distributed.diskutils - INFO - Found stale lock file and directory '/scratch/cnt0024/hmg2840/albert7a/daskjobqueue/worker-t43xlvxv', purging
distributed.diskutils - INFO - Found stale lock file and directory '/scratch/cnt0024/hmg2840/albert7a/daskjobqueue/worker-rp8wi85g', purging
distributed.diskutils - INFO - Found stale lock file and directory '/scratch/cnt0024/hmg2840/albert7a/daskjobqueue/worker-igogwhi9', purging
distributed.diskutils - INFO - Found stale lock file and directory '/scratch/cnt0024/hmg2840/albert7a/daskjobqueue/worker-260742g4', purging
distributed.diskutils - INFO - Found stale lock file and directory '/scratch/cnt0024/hmg2840/albert7a/daskjobqueue/worker-pjv59nir', purging
distributed.diskutils - INFO - Found stale lock file and directory '/scratch/cnt0024/hmg2840/albert7a/daskjobqueue/worker-ryidst7t', purging
distributed.diskutils - INFO - Found stale lock file and directory '/scratch/cnt0024/hmg2840/albert7a/daskjobqueue/worker-p8vw231i', purging
distributed.diskutils - INFO - Found stale lock file and directory '/scratch/cnt0024/hmg2840/albert7a/daskjobqueue/worker-s94d9xcg', purging
distributed.diskutils - INFO - Found stale lock file and directory '/scratch/cnt0024/hmg2840/albert7a/daskjobqueue/worker-tjl6kz90', purging
distributed.diskutils - INFO - Found stale lock file and directory '/scratch/cnt0024/hmg2840/albert7a/daskjobqueue/worker-jwcicayu', purging
distributed.diskutils - INFO - Found stale lock file and directory '/scratch/cnt0024/hmg2840/albert7a/daskjobqueue/worker-zeixopm2', purging
distributed.diskutils - INFO - Found stale lock file and directory '/scratch/cnt0024/hmg2840/albert7a/daskjobqueue/worker-l7qt0rjh', purging
distributed.diskutils - INFO - Found stale lock file and directory '/scratch/cnt0024/hmg2840/albert7a/daskjobqueue/worker-fvmq61hg', purging
distributed.diskutils - INFO - Found stale lock file and directory '/scratch/cnt0024/hmg2840/albert7a/daskjobqueue/worker-nme1pu7q', purging
distributed.diskutils - INFO - Found stale lock file and directory '/scratch/cnt0024/hmg2840/albert7a/daskjobqueue/worker-bdg7tjvm', purging
distributed.diskutils - INFO - Found stale lock file and directory '/scratch/cnt0024/hmg2840/albert7a/daskjobqueue/worker-1feyhw8s', purging
distributed.diskutils - INFO - Found stale lock file and directory '/scratch/cnt0024/hmg2840/albert7a/daskjobqueue/worker-kp9kkru0', purging
distributed.diskutils - INFO - Found stale lock file and directory '/scratch/cnt0024/hmg2840/albert7a/daskjobqueue/worker-ivrsf9cs', purging
distributed.diskutils - INFO - Found stale lock file and directory '/scratch/cnt0024/hmg2840/albert7a/daskjobqueue/worker-61_awi1u', purging
distributed.diskutils - INFO - Found stale lock file and directory '/scratch/cnt0024/hmg2840/albert7a/daskjobqueue/worker-l8hpi_ik', purging
distributed.diskutils - INFO - Found stale lock file and directory '/scratch/cnt0024/hmg2840/albert7a/daskjobqueue/worker-nesg21mh', purging
distributed.diskutils - INFO - Found stale lock file and directory '/scratch/cnt0024/hmg2840/albert7a/daskjobqueue/worker-rl_inkxn', purging
distributed.diskutils - INFO - Found stale lock file and directory '/scratch/cnt0024/hmg2840/albert7a/daskjobqueue/worker-lgou5sbg', purging
distributed.diskutils - INFO - Found stale lock file and directory '/scratch/cnt0024/hmg2840/albert7a/daskjobqueue/worker-9r59tk9y', purging
distributed.diskutils - INFO - Found stale lock file and directory '/scratch/cnt0024/hmg2840/albert7a/daskjobqueue/worker-0bc174qs', purging
distributed.diskutils - INFO - Found stale lock file and directory '/scratch/cnt0024/hmg2840/albert7a/daskjobqueue/worker-3on7ciet', purging
distributed.diskutils - INFO - Found stale lock file and directory '/scratch/cnt0024/hmg2840/albert7a/daskjobqueue/worker-y5x1ycph', purging
distributed.diskutils - INFO - Found stale lock file and directory '/scratch/cnt0024/hmg2840/albert7a/daskjobqueue/worker-1a4qfbpj', purging
distributed.diskutils - INFO - Found stale lock file and directory '/scratch/cnt0024/hmg2840/albert7a/daskjobqueue/worker-nchj_5mu', purging
distributed.diskutils - INFO - Found stale lock file and directory '/scratch/cnt0024/hmg2840/albert7a/daskjobqueue/worker-9gim2equ', purging
distributed.diskutils - INFO - Found stale lock file and directory '/scratch/cnt0024/hmg2840/albert7a/daskjobqueue/worker-b7kipdnw', purging
distributed.diskutils - INFO - Found stale lock file and directory '/scratch/cnt0024/hmg2840/albert7a/daskjobqueue/worker-kqq2esdc', purging
distributed.diskutils - INFO - Found stale lock file and directory '/scratch/cnt0024/hmg2840/albert7a/daskjobqueue/worker-js6h6sn7', purging
distributed.diskutils - INFO - Found stale lock file and directory '/scratch/cnt0024/hmg2840/albert7a/daskjobqueue/worker-qupb0owv', purging
distributed.diskutils - INFO - Found stale lock file and directory '/scratch/cnt0024/hmg2840/albert7a/daskjobqueue/worker-8nilini9', purging
distributed.diskutils - INFO - Found stale lock file and directory '/scratch/cnt0024/hmg2840/albert7a/daskjobqueue/worker-ev7bn62x', purging
distributed.diskutils - INFO - Found stale lock file and directory '/scratch/cnt0024/hmg2840/albert7a/daskjobqueue/worker-b9omql4c', purging
distributed.diskutils - INFO - Found stale lock file and directory '/scratch/cnt0024/hmg2840/albert7a/daskjobqueue/worker-atr41rkk', purging
distributed.diskutils - INFO - Found stale lock file and directory '/scratch/cnt0024/hmg2840/albert7a/daskjobqueue/worker-9p2yr166', purging
distributed.diskutils - INFO - Found stale lock file and directory '/scratch/cnt0024/hmg2840/albert7a/daskjobqueue/worker-t8u3wxrr', purging
distributed.diskutils - INFO - Found stale lock file and directory '/scratch/cnt0024/hmg2840/albert7a/daskjobqueue/worker-ot8dwukk', purging
distributed.diskutils - INFO - Found stale lock file and directory '/scratch/cnt0024/hmg2840/albert7a/daskjobqueue/worker-zy67wju1', purging
distributed.diskutils - INFO - Found stale lock file and directory '/scratch/cnt0024/hmg2840/albert7a/daskjobqueue/worker-8u767fzx', purging
distributed.diskutils - INFO - Found stale lock file and directory '/scratch/cnt0024/hmg2840/albert7a/daskjobqueue/worker-uoj5gqd4', purging
distributed.diskutils - INFO - Found stale lock file and directory '/scratch/cnt0024/hmg2840/albert7a/daskjobqueue/worker-umigzmx3', purging
distributed.diskutils - INFO - Found stale lock file and directory '/scratch/cnt0024/hmg2840/albert7a/daskjobqueue/worker-9m0b_yi3', purging
distributed.diskutils - INFO - Found stale lock file and directory '/scratch/cnt0024/hmg2840/albert7a/daskjobqueue/worker-4j1fwh8u', purging
distributed.diskutils - INFO - Found stale lock file and directory '/scratch/cnt0024/hmg2840/albert7a/daskjobqueue/worker-4xft9ozb', purging
distributed.diskutils - INFO - Found stale lock file and directory '/scratch/cnt0024/hmg2840/albert7a/daskjobqueue/worker-9pxvqf6y', purging
distributed.diskutils - INFO - Found stale lock file and directory '/scratch/cnt0024/hmg2840/albert7a/daskjobqueue/worker-fnbcqwf7', purging
distributed.diskutils - INFO - Found stale lock file and directory '/scratch/cnt0024/hmg2840/albert7a/daskjobqueue/worker-y1jtnxnv', purging
distributed.diskutils - INFO - Found stale lock file and directory '/scratch/cnt0024/hmg2840/albert7a/daskjobqueue/worker-m88yxs92', purging
distributed.diskutils - INFO - Found stale lock file and directory '/scratch/cnt0024/hmg2840/albert7a/daskjobqueue/worker-ugczvope', purging
distributed.diskutils - INFO - Found stale lock file and directory '/scratch/cnt0024/hmg2840/albert7a/daskjobqueue/worker-jp_5kipn', purging
distributed.diskutils - INFO - Found stale lock file and directory '/scratch/cnt0024/hmg2840/albert7a/daskjobqueue/worker-h1d_uayi', purging
distributed.diskutils - INFO - Found stale lock file and directory '/scratch/cnt0024/hmg2840/albert7a/daskjobqueue/worker-okfg04zh', purging
distributed.diskutils - INFO - Found stale lock file and directory '/scratch/cnt0024/hmg2840/albert7a/daskjobqueue/worker-7p0teprz', purging
distributed.diskutils - INFO - Found stale lock file and directory '/scratch/cnt0024/hmg2840/albert7a/daskjobqueue/worker-insiuzcj', purging
distributed.diskutils - INFO - Found stale lock file and directory '/scratch/cnt0024/hmg2840/albert7a/daskjobqueue/worker-vam9ky9u', purging
distributed.diskutils - INFO - Found stale lock file and directory '/scratch/cnt0024/hmg2840/albert7a/daskjobqueue/worker-3i1pa_7t', purging
distributed.diskutils - INFO - Found stale lock file and directory '/scratch/cnt0024/hmg2840/albert7a/daskjobqueue/worker-uo33r8r_', purging
distributed.diskutils - INFO - Found stale lock file and directory '/scratch/cnt0024/hmg2840/albert7a/daskjobqueue/worker-2t8lgig4', purging
distributed.diskutils - INFO - Found stale lock file and directory '/scratch/cnt0024/hmg2840/albert7a/daskjobqueue/worker-57crhpop', purging
distributed.diskutils - INFO - Found stale lock file and directory '/scratch/cnt0024/hmg2840/albert7a/daskjobqueue/worker-c4ml5crj', purging
distributed.diskutils - INFO - Found stale lock file and directory '/scratch/cnt0024/hmg2840/albert7a/daskjobqueue/worker-lobccber', purging
distributed.diskutils - INFO - Found stale lock file and directory '/scratch/cnt0024/hmg2840/albert7a/daskjobqueue/worker-g0ts9oup', purging
distributed.diskutils - INFO - Found stale lock file and directory '/scratch/cnt0024/hmg2840/albert7a/daskjobqueue/worker-lvs5ai5_', purging
distributed.diskutils - INFO - Found stale lock file and directory '/scratch/cnt0024/hmg2840/albert7a/daskjobqueue/worker-yg9wtpf6', purging
distributed.diskutils - INFO - Found stale lock file and directory '/scratch/cnt0024/hmg2840/albert7a/daskjobqueue/worker-4gcc5mjy', purging
distributed.diskutils - INFO - Found stale lock file and directory '/scratch/cnt0024/hmg2840/albert7a/daskjobqueue/worker-t1l8b963', purging
distributed.diskutils - INFO - Found stale lock file and directory '/scratch/cnt0024/hmg2840/albert7a/daskjobqueue/worker-r369rbmf', purging
distributed.diskutils - INFO - Found stale lock file and directory '/scratch/cnt0024/hmg2840/albert7a/daskjobqueue/worker-uo4k7gw_', purging
distributed.diskutils - INFO - Found stale lock file and directory '/scratch/cnt0024/hmg2840/albert7a/daskjobqueue/worker-msxc60rh', purging
distributed.diskutils - INFO - Found stale lock file and directory '/scratch/cnt0024/hmg2840/albert7a/daskjobqueue/worker-tj8fy9fd', purging
distributed.diskutils - INFO - Found stale lock file and directory '/scratch/cnt0024/hmg2840/albert7a/daskjobqueue/worker-ue1xi4ve', purging
distributed.diskutils - INFO - Found stale lock file and directory '/scratch/cnt0024/hmg2840/albert7a/daskjobqueue/worker-rcw4dlyg', purging
distributed.diskutils - INFO - Found stale lock file and directory '/scratch/cnt0024/hmg2840/albert7a/daskjobqueue/worker-yw80u_wp', purging
distributed.diskutils - INFO - Found stale lock file and directory '/scratch/cnt0024/hmg2840/albert7a/daskjobqueue/worker-qpbcuabe', purging
distributed.diskutils - INFO - Found stale lock file and directory '/scratch/cnt0024/hmg2840/albert7a/daskjobqueue/worker-vhmjnii1', purging
distributed.diskutils - INFO - Found stale lock file and directory '/scratch/cnt0024/hmg2840/albert7a/daskjobqueue/worker-merg7jsz', purging
distributed.diskutils - INFO - Found stale lock file and directory '/scratch/cnt0024/hmg2840/albert7a/daskjobqueue/worker-s0pmp2yy', purging
distributed.diskutils - INFO - Found stale lock file and directory '/scratch/cnt0024/hmg2840/albert7a/daskjobqueue/worker-j_5qvfla', purging
distributed.diskutils - INFO - Found stale lock file and directory '/scratch/cnt0024/hmg2840/albert7a/daskjobqueue/worker-j_j_iwhp', purging
distributed.diskutils - INFO - Found stale lock file and directory '/scratch/cnt0024/hmg2840/albert7a/daskjobqueue/worker-7mdrrufp', purging
distributed.diskutils - INFO - Found stale lock file and directory '/scratch/cnt0024/hmg2840/albert7a/daskjobqueue/worker-orpwiudk', purging
distributed.diskutils - INFO - Found stale lock file and directory '/scratch/cnt0024/hmg2840/albert7a/daskjobqueue/worker-u9pu5v5p', purging
distributed.diskutils - INFO - Found stale lock file and directory '/scratch/cnt0024/hmg2840/albert7a/daskjobqueue/worker-obplim2k', purging
distributed.diskutils - INFO - Found stale lock file and directory '/scratch/cnt0024/hmg2840/albert7a/daskjobqueue/worker-2rcef3ty', purging
distributed.diskutils - INFO - Found stale lock file and directory '/scratch/cnt0024/hmg2840/albert7a/daskjobqueue/worker-8xdcrmz2', purging
distributed.diskutils - INFO - Found stale lock file and directory '/scratch/cnt0024/hmg2840/albert7a/daskjobqueue/worker-e075k41x', purging
distributed.diskutils - INFO - Found stale lock file and directory '/scratch/cnt0024/hmg2840/albert7a/daskjobqueue/worker-fze5mv3w', purging
distributed.diskutils - INFO - Found stale lock file and directory '/scratch/cnt0024/hmg2840/albert7a/daskjobqueue/worker-l5z_imt7', purging
distributed.diskutils - INFO - Found stale lock file and directory '/scratch/cnt0024/hmg2840/albert7a/daskjobqueue/worker-h9vehuvr', purging
distributed.diskutils - INFO - Found stale lock file and directory '/scratch/cnt0024/hmg2840/albert7a/daskjobqueue/worker-9vnr1kd7', purging
distributed.diskutils - INFO - Found stale lock file and directory '/scratch/cnt0024/hmg2840/albert7a/daskjobqueue/worker-52t7cfzg', purging
distributed.diskutils - INFO - Found stale lock file and directory '/scratch/cnt0024/hmg2840/albert7a/daskjobqueue/worker-b9pw877i', purging
distributed.diskutils - INFO - Found stale lock file and directory '/scratch/cnt0024/hmg2840/albert7a/daskjobqueue/worker-0m09y4tw', purging
distributed.diskutils - INFO - Found stale lock file and directory '/scratch/cnt0024/hmg2840/albert7a/daskjobqueue/worker-6vn0lwww', purging
distributed.diskutils - INFO - Found stale lock file and directory '/scratch/cnt0024/hmg2840/albert7a/daskjobqueue/worker-zdv92v8h', purging
distributed.diskutils - INFO - Found stale lock file and directory '/scratch/cnt0024/hmg2840/albert7a/daskjobqueue/worker-uk29lmmj', purging
distributed.diskutils - INFO - Found stale lock file and directory '/scratch/cnt0024/hmg2840/albert7a/daskjobqueue/worker-295bwmrb', purging
distributed.diskutils - INFO - Found stale lock file and directory '/scratch/cnt0024/hmg2840/albert7a/daskjobqueue/worker-aj965o3z', purging
distributed.diskutils - INFO - Found stale lock file and directory '/scratch/cnt0024/hmg2840/albert7a/daskjobqueue/worker-hodfnc5b', purging
distributed.diskutils - INFO - Found stale lock file and directory '/scratch/cnt0024/hmg2840/albert7a/daskjobqueue/worker-rdphupm1', purging
distributed.diskutils - INFO - Found stale lock file and directory '/scratch/cnt0024/hmg2840/albert7a/daskjobqueue/worker-wxjbneh5', purging
distributed.diskutils - INFO - Found stale lock file and directory '/scratch/cnt0024/hmg2840/albert7a/daskjobqueue/worker-d1hi8kak', purging
distributed.diskutils - INFO - Found stale lock file and directory '/scratch/cnt0024/hmg2840/albert7a/daskjobqueue/worker-t4qj_b64', purging
distributed.diskutils - INFO - Found stale lock file and directory '/scratch/cnt0024/hmg2840/albert7a/daskjobqueue/worker-_61gb6gv', purging
distributed.diskutils - INFO - Found stale lock file and directory '/scratch/cnt0024/hmg2840/albert7a/daskjobqueue/worker-4i1mdkss', purging
distributed.diskutils - INFO - Found stale lock file and directory '/scratch/cnt0024/hmg2840/albert7a/daskjobqueue/worker-fnibce93', purging
distributed.diskutils - INFO - Found stale lock file and directory '/scratch/cnt0024/hmg2840/albert7a/daskjobqueue/worker-g46z__gm', purging
distributed.diskutils - INFO - Found stale lock file and directory '/scratch/cnt0024/hmg2840/albert7a/daskjobqueue/worker-b1jtbkke', purging
distributed.diskutils - INFO - Found stale lock file and directory '/scratch/cnt0024/hmg2840/albert7a/daskjobqueue/worker-aum0tkww', purging
distributed.diskutils - INFO - Found stale lock file and directory '/scratch/cnt0024/hmg2840/albert7a/daskjobqueue/worker-lq2sadf4', purging
distributed.diskutils - INFO - Found stale lock file and directory '/scratch/cnt0024/hmg2840/albert7a/daskjobqueue/worker-rllmyeuu', purging
distributed.diskutils - INFO - Found stale lock file and directory '/scratch/cnt0024/hmg2840/albert7a/daskjobqueue/worker-0cf7l7f7', purging
distributed.diskutils - INFO - Found stale lock file and directory '/scratch/cnt0024/hmg2840/albert7a/daskjobqueue/worker-pipx0lsz', purging
distributed.diskutils - INFO - Found stale lock file and directory '/scratch/cnt0024/hmg2840/albert7a/daskjobqueue/worker-9a_d9qe4', purging
distributed.diskutils - INFO - Found stale lock file and directory '/scratch/cnt0024/hmg2840/albert7a/daskjobqueue/worker-hmfvakwy', purging
distributed.diskutils - INFO - Found stale lock file and directory '/scratch/cnt0024/hmg2840/albert7a/daskjobqueue/worker-022_wmat', purging
distributed.diskutils - INFO - Found stale lock file and directory '/scratch/cnt0024/hmg2840/albert7a/daskjobqueue/worker-a5q8m0ac', purging
distributed.diskutils - INFO - Found stale lock file and directory '/scratch/cnt0024/hmg2840/albert7a/daskjobqueue/worker-zihrq31c', purging
distributed.diskutils - INFO - Found stale lock file and directory '/scratch/cnt0024/hmg2840/albert7a/daskjobqueue/worker-vhkrn68f', purging
distributed.diskutils - INFO - Found stale lock file and directory '/scratch/cnt0024/hmg2840/albert7a/daskjobqueue/worker-c1clrvik', purging
distributed.diskutils - INFO - Found stale lock file and directory '/scratch/cnt0024/hmg2840/albert7a/daskjobqueue/worker-gum77n3q', purging
distributed.diskutils - INFO - Found stale lock file and directory '/scratch/cnt0024/hmg2840/albert7a/daskjobqueue/worker-eex16454', purging
distributed.diskutils - INFO - Found stale lock file and directory '/scratch/cnt0024/hmg2840/albert7a/daskjobqueue/worker-2n7uxyq1', purging
distributed.diskutils - INFO - Found stale lock file and directory '/scratch/cnt0024/hmg2840/albert7a/daskjobqueue/worker-cb9cv0j1', purging
distributed.diskutils - INFO - Found stale lock file and directory '/scratch/cnt0024/hmg2840/albert7a/daskjobqueue/worker-nv8n77u3', purging
distributed.diskutils - INFO - Found stale lock file and directory '/scratch/cnt0024/hmg2840/albert7a/daskjobqueue/worker-rxo3q7n5', purging
distributed.diskutils - INFO - Found stale lock file and directory '/scratch/cnt0024/hmg2840/albert7a/daskjobqueue/worker-obe0naun', purging
distributed.diskutils - INFO - Found stale lock file and directory '/scratch/cnt0024/hmg2840/albert7a/daskjobqueue/worker-2q4hsbek', purging
distributed.diskutils - INFO - Found stale lock file and directory '/scratch/cnt0024/hmg2840/albert7a/daskjobqueue/worker-nn0c0tti', purging
distributed.diskutils - INFO - Found stale lock file and directory '/scratch/cnt0024/hmg2840/albert7a/daskjobqueue/worker-b2t840br', purging
distributed.diskutils - INFO - Found stale lock file and directory '/scratch/cnt0024/hmg2840/albert7a/daskjobqueue/worker-n29aemd4', purging
distributed.diskutils - INFO - Found stale lock file and directory '/scratch/cnt0024/hmg2840/albert7a/daskjobqueue/worker-qgv39d0_', purging
distributed.diskutils - INFO - Found stale lock file and directory '/scratch/cnt0024/hmg2840/albert7a/daskjobqueue/worker-qir0_stt', purging
distributed.diskutils - INFO - Found stale lock file and directory '/scratch/cnt0024/hmg2840/albert7a/daskjobqueue/worker-ag5aa5_k', purging
distributed.diskutils - INFO - Found stale lock file and directory '/scratch/cnt0024/hmg2840/albert7a/daskjobqueue/worker-pqagsvhs', purging
distributed.diskutils - INFO - Found stale lock file and directory '/scratch/cnt0024/hmg2840/albert7a/daskjobqueue/worker-3eyw3qy4', purging
distributed.diskutils - INFO - Found stale lock file and directory '/scratch/cnt0024/hmg2840/albert7a/daskjobqueue/worker-vpt0g15x', purging
distributed.diskutils - INFO - Found stale lock file and directory '/scratch/cnt0024/hmg2840/albert7a/daskjobqueue/worker-k9sl66pe', purging
distributed.diskutils - INFO - Found stale lock file and directory '/scratch/cnt0024/hmg2840/albert7a/daskjobqueue/worker-45wt3433', purging
distributed.diskutils - INFO - Found stale lock file and directory '/scratch/cnt0024/hmg2840/albert7a/daskjobqueue/worker-0oxzbvi1', purging
distributed.diskutils - INFO - Found stale lock file and directory '/scratch/cnt0024/hmg2840/albert7a/daskjobqueue/worker-fy6kpxif', purging
distributed.diskutils - INFO - Found stale lock file and directory '/scratch/cnt0024/hmg2840/albert7a/daskjobqueue/worker-ugbj_wh1', purging
distributed.diskutils - INFO - Found stale lock file and directory '/scratch/cnt0024/hmg2840/albert7a/daskjobqueue/worker-owapz_36', purging
distributed.diskutils - INFO - Found stale lock file and directory '/scratch/cnt0024/hmg2840/albert7a/daskjobqueue/worker-v39v4bo8', purging
distributed.diskutils - INFO - Found stale lock file and directory '/scratch/cnt0024/hmg2840/albert7a/daskjobqueue/worker-87jb68b2', purging
distributed.diskutils - INFO - Found stale lock file and directory '/scratch/cnt0024/hmg2840/albert7a/daskjobqueue/worker-z04ydyod', purging
distributed.diskutils - INFO - Found stale lock file and directory '/scratch/cnt0024/hmg2840/albert7a/daskjobqueue/worker-1kfnek6y', purging
distributed.diskutils - INFO - Found stale lock file and directory '/scratch/cnt0024/hmg2840/albert7a/daskjobqueue/worker-5k95dgg9', purging
distributed.diskutils - INFO - Found stale lock file and directory '/scratch/cnt0024/hmg2840/albert7a/daskjobqueue/worker-rknrvqn5', purging
distributed.diskutils - INFO - Found stale lock file and directory '/scratch/cnt0024/hmg2840/albert7a/daskjobqueue/worker-9kg_7_w6', purging
distributed.diskutils - INFO - Found stale lock file and directory '/scratch/cnt0024/hmg2840/albert7a/daskjobqueue/worker-kra3jgsw', purging
distributed.diskutils - INFO - Found stale lock file and directory '/scratch/cnt0024/hmg2840/albert7a/daskjobqueue/worker-mjqegmra', purging
distributed.diskutils - INFO - Found stale lock file and directory '/scratch/cnt0024/hmg2840/albert7a/daskjobqueue/worker-5ibx74wq', purging
distributed.diskutils - INFO - Found stale lock file and directory '/scratch/cnt0024/hmg2840/albert7a/daskjobqueue/worker-i34onb3z', purging
distributed.diskutils - INFO - Found stale lock file and directory '/scratch/cnt0024/hmg2840/albert7a/daskjobqueue/worker-idp9bb27', purging
distributed.diskutils - INFO - Found stale lock file and directory '/scratch/cnt0024/hmg2840/albert7a/daskjobqueue/worker-yffmg2tf', purging
distributed.diskutils - INFO - Found stale lock file and directory '/scratch/cnt0024/hmg2840/albert7a/daskjobqueue/worker-mrjcu8fl', purging
distributed.diskutils - INFO - Found stale lock file and directory '/scratch/cnt0024/hmg2840/albert7a/daskjobqueue/worker-uyn4ry6k', purging
distributed.diskutils - INFO - Found stale lock file and directory '/scratch/cnt0024/hmg2840/albert7a/daskjobqueue/worker-k2_a2h1y', purging
distributed.diskutils - INFO - Found stale lock file and directory '/scratch/cnt0024/hmg2840/albert7a/daskjobqueue/worker-j5m8d1w0', purging
distributed.diskutils - INFO - Found stale lock file and directory '/scratch/cnt0024/hmg2840/albert7a/daskjobqueue/worker-4p_dy4fp', purging
distributed.diskutils - INFO - Found stale lock file and directory '/scratch/cnt0024/hmg2840/albert7a/daskjobqueue/worker-5x60mstf', purging
distributed.diskutils - INFO - Found stale lock file and directory '/scratch/cnt0024/hmg2840/albert7a/daskjobqueue/worker-nsr9js7o', purging
distributed.diskutils - INFO - Found stale lock file and directory '/scratch/cnt0024/hmg2840/albert7a/daskjobqueue/worker-pnkkbpdm', purging
distributed.diskutils - INFO - Found stale lock file and directory '/scratch/cnt0024/hmg2840/albert7a/daskjobqueue/worker-m3ox1ajx', purging
distributed.diskutils - INFO - Found stale lock file and directory '/scratch/cnt0024/hmg2840/albert7a/daskjobqueue/worker-sh5roy83', purging
distributed.diskutils - INFO - Found stale lock file and directory '/scratch/cnt0024/hmg2840/albert7a/daskjobqueue/worker-leoojoyw', purging
distributed.diskutils - INFO - Found stale lock file and directory '/scratch/cnt0024/hmg2840/albert7a/daskjobqueue/worker-sgx3a9sy', purging
distributed.diskutils - INFO - Found stale lock file and directory '/scratch/cnt0024/hmg2840/albert7a/daskjobqueue/worker-kh8coggj', purging
distributed.diskutils - INFO - Found stale lock file and directory '/scratch/cnt0024/hmg2840/albert7a/daskjobqueue/worker-5nsewwzh', purging
distributed.diskutils - INFO - Found stale lock file and directory '/scratch/cnt0024/hmg2840/albert7a/daskjobqueue/worker-pz1guti2', purging
distributed.diskutils - INFO - Found stale lock file and directory '/scratch/cnt0024/hmg2840/albert7a/daskjobqueue/worker-qe1br5eq', purging
distributed.diskutils - INFO - Found stale lock file and directory '/scratch/cnt0024/hmg2840/albert7a/daskjobqueue/worker-4_lkqnjg', purging
distributed.diskutils - INFO - Found stale lock file and directory '/scratch/cnt0024/hmg2840/albert7a/daskjobqueue/worker-cwd2yca0', purging
distributed.diskutils - INFO - Found stale lock file and directory '/scratch/cnt0024/hmg2840/albert7a/daskjobqueue/worker-1ervsdh6', purging
distributed.diskutils - INFO - Found stale lock file and directory '/scratch/cnt0024/hmg2840/albert7a/daskjobqueue/worker-hntwwgrx', purging
distributed.diskutils - INFO - Found stale lock file and directory '/scratch/cnt0024/hmg2840/albert7a/daskjobqueue/worker-sxeeseqy', purging
distributed.diskutils - INFO - Found stale lock file and directory '/scratch/cnt0024/hmg2840/albert7a/daskjobqueue/worker-adjf4cz6', purging
distributed.diskutils - INFO - Found stale lock file and directory '/scratch/cnt0024/hmg2840/albert7a/daskjobqueue/worker-h1gmyics', purging
distributed.diskutils - INFO - Found stale lock file and directory '/scratch/cnt0024/hmg2840/albert7a/daskjobqueue/worker-ik1mmmh8', purging
distributed.diskutils - INFO - Found stale lock file and directory '/scratch/cnt0024/hmg2840/albert7a/daskjobqueue/worker-vmxsjemt', purging
distributed.diskutils - INFO - Found stale lock file and directory '/scratch/cnt0024/hmg2840/albert7a/daskjobqueue/worker-uqr4gk24', purging
distributed.diskutils - INFO - Found stale lock file and directory '/scratch/cnt0024/hmg2840/albert7a/daskjobqueue/worker-s9jauwty', purging
distributed.diskutils - INFO - Found stale lock file and directory '/scratch/cnt0024/hmg2840/albert7a/daskjobqueue/worker-gaedldgj', purging
distributed.diskutils - INFO - Found stale lock file and directory '/scratch/cnt0024/hmg2840/albert7a/daskjobqueue/worker-o01j055r', purging
distributed.diskutils - INFO - Found stale lock file and directory '/scratch/cnt0024/hmg2840/albert7a/daskjobqueue/worker-xnkrr2k0', purging
distributed.diskutils - INFO - Found stale lock file and directory '/scratch/cnt0024/hmg2840/albert7a/daskjobqueue/worker-t63v5617', purging
distributed.diskutils - INFO - Found stale lock file and directory '/scratch/cnt0024/hmg2840/albert7a/daskjobqueue/worker-tqvwnhw9', purging
distributed.diskutils - INFO - Found stale lock file and directory '/scratch/cnt0024/hmg2840/albert7a/daskjobqueue/worker-g6m9ww54', purging
distributed.diskutils - INFO - Found stale lock file and directory '/scratch/cnt0024/hmg2840/albert7a/daskjobqueue/worker-3bvth3g9', purging
distributed.diskutils - INFO - Found stale lock file and directory '/scratch/cnt0024/hmg2840/albert7a/daskjobqueue/worker-5m8404ka', purging
distributed.diskutils - INFO - Found stale lock file and directory '/scratch/cnt0024/hmg2840/albert7a/daskjobqueue/worker-gv3vclf4', purging
distributed.diskutils - INFO - Found stale lock file and directory '/scratch/cnt0024/hmg2840/albert7a/daskjobqueue/worker-ai5g2whn', purging
distributed.diskutils - INFO - Found stale lock file and directory '/scratch/cnt0024/hmg2840/albert7a/daskjobqueue/worker-h7spsuty', purging
distributed.diskutils - INFO - Found stale lock file and directory '/scratch/cnt0024/hmg2840/albert7a/daskjobqueue/worker-3wyaqm0c', purging
distributed.diskutils - INFO - Found stale lock file and directory '/scratch/cnt0024/hmg2840/albert7a/daskjobqueue/worker-0d39k2sc', purging
distributed.diskutils - INFO - Found stale lock file and directory '/scratch/cnt0024/hmg2840/albert7a/daskjobqueue/worker-v5apkliw', purging
distributed.diskutils - INFO - Found stale lock file and directory '/scratch/cnt0024/hmg2840/albert7a/daskjobqueue/worker-vu07ajji', purging
distributed.diskutils - INFO - Found stale lock file and directory '/scratch/cnt0024/hmg2840/albert7a/daskjobqueue/worker-5hh8glgk', purging
distributed.diskutils - INFO - Found stale lock file and directory '/scratch/cnt0024/hmg2840/albert7a/daskjobqueue/worker-ot1wf839', purging
distributed.diskutils - INFO - Found stale lock file and directory '/scratch/cnt0024/hmg2840/albert7a/daskjobqueue/worker-jqcitu2u', purging
distributed.diskutils - INFO - Found stale lock file and directory '/scratch/cnt0024/hmg2840/albert7a/daskjobqueue/worker-6shqw4j8', purging
distributed.diskutils - INFO - Found stale lock file and directory '/scratch/cnt0024/hmg2840/albert7a/daskjobqueue/worker-7ul1zb3a', purging
distributed.diskutils - INFO - Found stale lock file and directory '/scratch/cnt0024/hmg2840/albert7a/daskjobqueue/worker-b1wivyvi', purging
distributed.diskutils - INFO - Found stale lock file and directory '/scratch/cnt0024/hmg2840/albert7a/daskjobqueue/worker-5lqnv6l1', purging
distributed.diskutils - INFO - Found stale lock file and directory '/scratch/cnt0024/hmg2840/albert7a/daskjobqueue/worker-yi96yzgh', purging
distributed.diskutils - INFO - Found stale lock file and directory '/scratch/cnt0024/hmg2840/albert7a/daskjobqueue/worker-lzbh99vp', purging
distributed.diskutils - INFO - Found stale lock file and directory '/scratch/cnt0024/hmg2840/albert7a/daskjobqueue/worker-kkwgj8r1', purging
distributed.diskutils - INFO - Found stale lock file and directory '/scratch/cnt0024/hmg2840/albert7a/daskjobqueue/worker-n5vv59ax', purging
distributed.diskutils - INFO - Found stale lock file and directory '/scratch/cnt0024/hmg2840/albert7a/daskjobqueue/worker-hbdxir81', purging
/scratch/cnt0024/hmg2840/albert7a/anaconda3/lib/python3.7/site-packages/distributed/utils.py:136: RuntimeWarning: Couldn't detect a suitable IP address for reaching '8.8.8.8', defaulting to '127.0.0.1': [Errno 101] Network is unreachable
  RuntimeWarning,
distributed.worker - INFO -       Start worker at:    tcp://172.30.8.45:43991
/scratch/cnt0024/hmg2840/albert7a/anaconda3/lib/python3.7/site-packages/distributed/utils.py:136: RuntimeWarning: Couldn't detect a suitable IP address for reaching '8.8.8.8', defaulting to '127.0.0.1': [Errno 101] Network is unreachable
  RuntimeWarning,
distributed.worker - INFO -       Start worker at:    tcp://172.30.8.45:44876
/scratch/cnt0024/hmg2840/albert7a/anaconda3/lib/python3.7/site-packages/distributed/utils.py:136: RuntimeWarning: Couldn't detect a suitable IP address for reaching '8.8.8.8', defaulting to '127.0.0.1': [Errno 101] Network is unreachable
  RuntimeWarning,
distributed.worker - INFO -       Start worker at:    tcp://172.30.8.45:44756
/scratch/cnt0024/hmg2840/albert7a/anaconda3/lib/python3.7/site-packages/distributed/utils.py:136: RuntimeWarning: Couldn't detect a suitable IP address for reaching '8.8.8.8', defaulting to '127.0.0.1': [Errno 101] Network is unreachable
  RuntimeWarning,
distributed.worker - INFO -       Start worker at:    tcp://172.30.8.45:33865
/scratch/cnt0024/hmg2840/albert7a/anaconda3/lib/python3.7/site-packages/distributed/utils.py:136: RuntimeWarning: Couldn't detect a suitable IP address for reaching '8.8.8.8', defaulting to '127.0.0.1': [Errno 101] Network is unreachable
  RuntimeWarning,
distributed.worker - INFO -       Start worker at:    tcp://172.30.8.45:41393
/scratch/cnt0024/hmg2840/albert7a/anaconda3/lib/python3.7/site-packages/distributed/utils.py:136: RuntimeWarning: Couldn't detect a suitable IP address for reaching '8.8.8.8', defaulting to '127.0.0.1': [Errno 101] Network is unreachable
  RuntimeWarning,
distributed.worker - INFO -       Start worker at:    tcp://172.30.8.45:37375
/scratch/cnt0024/hmg2840/albert7a/anaconda3/lib/python3.7/site-packages/distributed/utils.py:136: RuntimeWarning: Couldn't detect a suitable IP address for reaching '8.8.8.8', defaulting to '127.0.0.1': [Errno 101] Network is unreachable
  RuntimeWarning,
distributed.worker - INFO -       Start worker at:    tcp://172.30.8.45:39036
distributed.worker - INFO -          Listening to:    tcp://172.30.8.45:44876
distributed.worker - INFO -          Listening to:    tcp://172.30.8.45:43991
distributed.worker - INFO -          Listening to:    tcp://172.30.8.45:44756
distributed.worker - INFO -          Listening to:    tcp://172.30.8.45:33865
distributed.worker - INFO -          Listening to:    tcp://172.30.8.45:41393
distributed.worker - INFO -          Listening to:    tcp://172.30.8.45:37375
distributed.worker - INFO -          Listening to:    tcp://172.30.8.45:39036
distributed.worker - INFO -          dashboard at:          172.30.8.45:36895
distributed.worker - INFO -          dashboard at:          172.30.8.45:34316
distributed.worker - INFO -          dashboard at:          172.30.8.45:43231
distributed.worker - INFO -          dashboard at:          172.30.8.45:37341
distributed.worker - INFO -          dashboard at:          172.30.8.45:43654
distributed.worker - INFO -          dashboard at:          172.30.8.45:45081
distributed.worker - INFO - Waiting to connect to:   tcp://172.30.100.2:34288
distributed.worker - INFO - Waiting to connect to:   tcp://172.30.100.2:34288
distributed.worker - INFO - Waiting to connect to:   tcp://172.30.100.2:34288
distributed.worker - INFO - Waiting to connect to:   tcp://172.30.100.2:34288
distributed.worker - INFO - Waiting to connect to:   tcp://172.30.100.2:34288
distributed.worker - INFO - Waiting to connect to:   tcp://172.30.100.2:34288
distributed.worker - INFO - -------------------------------------------------
distributed.worker - INFO - -------------------------------------------------
distributed.worker - INFO - -------------------------------------------------
distributed.worker - INFO - -------------------------------------------------
distributed.worker - INFO - -------------------------------------------------
distributed.worker - INFO - -------------------------------------------------
distributed.worker - INFO -          dashboard at:          172.30.8.45:44709
distributed.worker - INFO - Waiting to connect to:   tcp://172.30.100.2:34288
distributed.worker - INFO -               Threads:                          1
distributed.worker - INFO -               Threads:                          1
distributed.worker - INFO -               Threads:                          1
distributed.worker - INFO -               Threads:                          1
distributed.worker - INFO -               Threads:                          1
distributed.worker - INFO -               Threads:                          1
distributed.worker - INFO - -------------------------------------------------
distributed.worker - INFO -                Memory:                    4.29 GB
distributed.worker - INFO -                Memory:                    4.29 GB
distributed.worker - INFO -                Memory:                    4.29 GB
distributed.worker - INFO -                Memory:                    4.29 GB
distributed.worker - INFO -                Memory:                    4.29 GB
distributed.worker - INFO -                Memory:                    4.29 GB
distributed.worker - INFO -       Local Directory: /scratch/cnt0024/hmg2840/albert7a/daskjobqueue/worker-prlrw_u0
distributed.worker - INFO -       Local Directory: /scratch/cnt0024/hmg2840/albert7a/daskjobqueue/worker-rk4f4why
distributed.worker - INFO -       Local Directory: /scratch/cnt0024/hmg2840/albert7a/daskjobqueue/worker-a6ejf94u
distributed.worker - INFO -       Local Directory: /scratch/cnt0024/hmg2840/albert7a/daskjobqueue/worker-_odv332o
distributed.worker - INFO -       Local Directory: /scratch/cnt0024/hmg2840/albert7a/daskjobqueue/worker-8p4y4ut3
distributed.worker - INFO -       Local Directory: /scratch/cnt0024/hmg2840/albert7a/daskjobqueue/worker-injn9c7e
distributed.worker - INFO -               Threads:                          1
distributed.worker - INFO -                Memory:                    4.29 GB
distributed.worker - INFO - -------------------------------------------------
distributed.worker - INFO - -------------------------------------------------
distributed.worker - INFO -       Local Directory: /scratch/cnt0024/hmg2840/albert7a/daskjobqueue/worker-wm52meq3
distributed.worker - INFO - -------------------------------------------------
distributed.worker - INFO - -------------------------------------------------
distributed.worker - INFO - -------------------------------------------------
distributed.worker - INFO - -------------------------------------------------
/scratch/cnt0024/hmg2840/albert7a/anaconda3/lib/python3.7/site-packages/distributed/utils.py:136: RuntimeWarning: Couldn't detect a suitable IP address for reaching '8.8.8.8', defaulting to '127.0.0.1': [Errno 101] Network is unreachable
  RuntimeWarning,
distributed.worker - INFO -       Start worker at:    tcp://172.30.8.45:46175
distributed.worker - INFO -          Listening to:    tcp://172.30.8.45:46175
distributed.worker - INFO - -------------------------------------------------
distributed.worker - INFO -          dashboard at:          172.30.8.45:42502
distributed.worker - INFO - Waiting to connect to:   tcp://172.30.100.2:34288
distributed.worker - INFO - -------------------------------------------------
distributed.worker - INFO -               Threads:                          1
distributed.worker - INFO -                Memory:                    4.29 GB
distributed.worker - INFO -       Local Directory: /scratch/cnt0024/hmg2840/albert7a/daskjobqueue/worker-2qbbd16g
distributed.worker - INFO - -------------------------------------------------
/scratch/cnt0024/hmg2840/albert7a/anaconda3/lib/python3.7/site-packages/distributed/utils.py:136: RuntimeWarning: Couldn't detect a suitable IP address for reaching '8.8.8.8', defaulting to '127.0.0.1': [Errno 101] Network is unreachable
  RuntimeWarning,
distributed.worker - INFO -       Start worker at:    tcp://172.30.8.45:40607
distributed.worker - INFO -          Listening to:    tcp://172.30.8.45:40607
distributed.worker - INFO -          dashboard at:          172.30.8.45:37881
distributed.worker - INFO - Waiting to connect to:   tcp://172.30.100.2:34288
distributed.worker - INFO - -------------------------------------------------
/scratch/cnt0024/hmg2840/albert7a/anaconda3/lib/python3.7/site-packages/distributed/utils.py:136: RuntimeWarning: Couldn't detect a suitable IP address for reaching '8.8.8.8', defaulting to '127.0.0.1': [Errno 101] Network is unreachable
  RuntimeWarning,
distributed.worker - INFO -       Start worker at:    tcp://172.30.8.45:37870
distributed.worker - INFO -          Listening to:    tcp://172.30.8.45:37870
distributed.worker - INFO -          dashboard at:          172.30.8.45:43855
distributed.worker - INFO - Waiting to connect to:   tcp://172.30.100.2:34288
distributed.worker - INFO - -------------------------------------------------
distributed.worker - INFO -               Threads:                          1
distributed.worker - INFO -                Memory:                    4.29 GB
distributed.worker - INFO -       Local Directory: /scratch/cnt0024/hmg2840/albert7a/daskjobqueue/worker-2iu9bdc6
distributed.worker - INFO -               Threads:                          1
distributed.worker - INFO -                Memory:                    4.29 GB
distributed.worker - INFO -       Local Directory: /scratch/cnt0024/hmg2840/albert7a/daskjobqueue/worker-gp8ork2x
distributed.worker - INFO - -------------------------------------------------
distributed.worker - INFO - -------------------------------------------------
distributed.worker - INFO -         Registered to:   tcp://172.30.100.2:34288
distributed.worker - INFO - -------------------------------------------------
distributed.core - INFO - Starting established connection
distributed.worker - INFO -         Registered to:   tcp://172.30.100.2:34288
distributed.worker - INFO - -------------------------------------------------
distributed.core - INFO - Starting established connection
/scratch/cnt0024/hmg2840/albert7a/anaconda3/lib/python3.7/site-packages/distributed/utils.py:136: RuntimeWarning: Couldn't detect a suitable IP address for reaching '8.8.8.8', defaulting to '127.0.0.1': [Errno 101] Network is unreachable
  RuntimeWarning,
distributed.worker - INFO -       Start worker at:    tcp://172.30.8.45:34045
/scratch/cnt0024/hmg2840/albert7a/anaconda3/lib/python3.7/site-packages/distributed/utils.py:136: RuntimeWarning: Couldn't detect a suitable IP address for reaching '8.8.8.8', defaulting to '127.0.0.1': [Errno 101] Network is unreachable
  RuntimeWarning,
distributed.worker - INFO -       Start worker at:    tcp://172.30.8.45:45565
distributed.worker - INFO -          Listening to:    tcp://172.30.8.45:34045
distributed.worker - INFO -          Listening to:    tcp://172.30.8.45:45565
distributed.worker - INFO -          dashboard at:          172.30.8.45:33047
distributed.worker - INFO - Waiting to connect to:   tcp://172.30.100.2:34288
distributed.worker - INFO -          dashboard at:          172.30.8.45:35733
/scratch/cnt0024/hmg2840/albert7a/anaconda3/lib/python3.7/site-packages/distributed/utils.py:136: RuntimeWarning: Couldn't detect a suitable IP address for reaching '8.8.8.8', defaulting to '127.0.0.1': [Errno 101] Network is unreachable
  RuntimeWarning,
distributed.worker - INFO -       Start worker at:    tcp://172.30.8.45:43545
distributed.worker - INFO - -------------------------------------------------
distributed.worker - INFO - Waiting to connect to:   tcp://172.30.100.2:34288
distributed.worker - INFO - -------------------------------------------------
distributed.worker - INFO -          Listening to:    tcp://172.30.8.45:43545
distributed.worker - INFO -               Threads:                          1
distributed.worker - INFO -          dashboard at:          172.30.8.45:43796
distributed.worker - INFO -               Threads:                          1
distributed.worker - INFO -                Memory:                    4.29 GB
distributed.worker - INFO - Waiting to connect to:   tcp://172.30.100.2:34288
distributed.worker - INFO -       Local Directory: /scratch/cnt0024/hmg2840/albert7a/daskjobqueue/worker-daqy42k0
distributed.worker - INFO -                Memory:                    4.29 GB
distributed.worker - INFO - -------------------------------------------------
distributed.worker - INFO -       Local Directory: /scratch/cnt0024/hmg2840/albert7a/daskjobqueue/worker-f5sps4gw
distributed.worker - INFO -               Threads:                          1
distributed.worker - INFO - -------------------------------------------------
distributed.worker - INFO -                Memory:                    4.29 GB
distributed.worker - INFO - -------------------------------------------------
distributed.worker - INFO -       Local Directory: /scratch/cnt0024/hmg2840/albert7a/daskjobqueue/worker-57pgy2t6
distributed.worker - INFO - -------------------------------------------------
/scratch/cnt0024/hmg2840/albert7a/anaconda3/lib/python3.7/site-packages/distributed/utils.py:136: RuntimeWarning: Couldn't detect a suitable IP address for reaching '8.8.8.8', defaulting to '127.0.0.1': [Errno 101] Network is unreachable
  RuntimeWarning,
distributed.worker - INFO -       Start worker at:    tcp://172.30.8.45:43827
distributed.worker - INFO -          Listening to:    tcp://172.30.8.45:43827
distributed.worker - INFO -          dashboard at:          172.30.8.45:35771
distributed.worker - INFO - Waiting to connect to:   tcp://172.30.100.2:34288
distributed.worker - INFO - -------------------------------------------------
/scratch/cnt0024/hmg2840/albert7a/anaconda3/lib/python3.7/contextlib.py:119: UserWarning: Creating scratch directories is taking a surprisingly long time. This is often due to running workers on a network file system. Consider specifying a local-directory to point workers to write scratch data to a local disk.
  next(self.gen)
distributed.worker - INFO -       Start worker at:    tcp://172.30.8.45:44947
distributed.worker - INFO -               Threads:                          1
distributed.worker - INFO -          Listening to:    tcp://172.30.8.45:44947
distributed.worker - INFO -                Memory:                    4.29 GB
distributed.worker - INFO -       Local Directory: /scratch/cnt0024/hmg2840/albert7a/daskjobqueue/worker-grhtxkeq
distributed.worker - INFO -          dashboard at:          172.30.8.45:37457
distributed.worker - INFO - Waiting to connect to:   tcp://172.30.100.2:34288
distributed.worker - INFO - -------------------------------------------------
distributed.worker - INFO - -------------------------------------------------
distributed.worker - INFO -               Threads:                          1
distributed.worker - INFO -                Memory:                    4.29 GB
distributed.worker - INFO -       Local Directory: /scratch/cnt0024/hmg2840/albert7a/daskjobqueue/worker-sgbxaks3
distributed.worker - INFO - -------------------------------------------------
/scratch/cnt0024/hmg2840/albert7a/anaconda3/lib/python3.7/site-packages/distributed/utils.py:136: RuntimeWarning: Couldn't detect a suitable IP address for reaching '8.8.8.8', defaulting to '127.0.0.1': [Errno 101] Network is unreachable
  RuntimeWarning,
distributed.worker - INFO -       Start worker at:    tcp://172.30.8.45:33917
distributed.worker - INFO -          Listening to:    tcp://172.30.8.45:33917
/scratch/cnt0024/hmg2840/albert7a/anaconda3/lib/python3.7/site-packages/distributed/utils.py:136: RuntimeWarning: Couldn't detect a suitable IP address for reaching '8.8.8.8', defaulting to '127.0.0.1': [Errno 101] Network is unreachable
  RuntimeWarning,
distributed.worker - INFO -       Start worker at:    tcp://172.30.8.45:43473
distributed.worker - INFO -          Listening to:    tcp://172.30.8.45:43473
distributed.worker - INFO -          dashboard at:          172.30.8.45:42163
distributed.worker - INFO -          dashboard at:          172.30.8.45:38421
distributed.worker - INFO - Waiting to connect to:   tcp://172.30.100.2:34288
distributed.worker - INFO - -------------------------------------------------
distributed.worker - INFO - Waiting to connect to:   tcp://172.30.100.2:34288
distributed.worker - INFO -               Threads:                          1
distributed.worker - INFO - -------------------------------------------------
distributed.worker - INFO -                Memory:                    4.29 GB
distributed.worker - INFO -       Local Directory: /scratch/cnt0024/hmg2840/albert7a/daskjobqueue/worker-325_4evw
distributed.worker - INFO -               Threads:                          1
distributed.worker - INFO -                Memory:                    4.29 GB
distributed.worker - INFO - -------------------------------------------------
distributed.worker - INFO -       Local Directory: /scratch/cnt0024/hmg2840/albert7a/daskjobqueue/worker-iqhvlctv
/scratch/cnt0024/hmg2840/albert7a/anaconda3/lib/python3.7/site-packages/distributed/utils.py:136: RuntimeWarning: Couldn't detect a suitable IP address for reaching '8.8.8.8', defaulting to '127.0.0.1': [Errno 101] Network is unreachable
  RuntimeWarning,
distributed.worker - INFO -       Start worker at:    tcp://172.30.8.45:42293
distributed.worker - INFO - -------------------------------------------------
distributed.worker - INFO -          Listening to:    tcp://172.30.8.45:42293
distributed.worker - INFO -          dashboard at:          172.30.8.45:37630
distributed.worker - INFO - Waiting to connect to:   tcp://172.30.100.2:34288
distributed.worker - INFO - -------------------------------------------------
distributed.worker - INFO -               Threads:                          1
distributed.worker - INFO -                Memory:                    4.29 GB
/scratch/cnt0024/hmg2840/albert7a/anaconda3/lib/python3.7/site-packages/distributed/utils.py:136: RuntimeWarning: Couldn't detect a suitable IP address for reaching '8.8.8.8', defaulting to '127.0.0.1': [Errno 101] Network is unreachable
  RuntimeWarning,
distributed.worker - INFO -       Start worker at:    tcp://172.30.8.45:44797
distributed.worker - INFO -       Local Directory: /scratch/cnt0024/hmg2840/albert7a/daskjobqueue/worker-na36umn9
distributed.worker - INFO -          Listening to:    tcp://172.30.8.45:44797
distributed.worker - INFO -          dashboard at:          172.30.8.45:32805
/scratch/cnt0024/hmg2840/albert7a/anaconda3/lib/python3.7/site-packages/distributed/utils.py:136: RuntimeWarning: Couldn't detect a suitable IP address for reaching '8.8.8.8', defaulting to '127.0.0.1': [Errno 101] Network is unreachable
  RuntimeWarning,
distributed.worker - INFO -       Start worker at:    tcp://172.30.8.45:37963
distributed.worker - INFO - Waiting to connect to:   tcp://172.30.100.2:34288
distributed.worker - INFO - -------------------------------------------------
distributed.worker - INFO -          Listening to:    tcp://172.30.8.45:37963
distributed.worker - INFO - -------------------------------------------------
distributed.worker - INFO -          dashboard at:          172.30.8.45:43777
distributed.worker - INFO - Waiting to connect to:   tcp://172.30.100.2:34288
distributed.worker - INFO -               Threads:                          1
distributed.worker - INFO - -------------------------------------------------
distributed.worker - INFO -                Memory:                    4.29 GB
distributed.worker - INFO -       Local Directory: /scratch/cnt0024/hmg2840/albert7a/daskjobqueue/worker-6qreyqbn
distributed.worker - INFO -               Threads:                          1
distributed.worker - INFO -                Memory:                    4.29 GB
distributed.worker - INFO -       Local Directory: /scratch/cnt0024/hmg2840/albert7a/daskjobqueue/worker-kxzt0q06
distributed.worker - INFO - -------------------------------------------------
distributed.worker - INFO - -------------------------------------------------
/scratch/cnt0024/hmg2840/albert7a/anaconda3/lib/python3.7/site-packages/distributed/utils.py:136: RuntimeWarning: Couldn't detect a suitable IP address for reaching '8.8.8.8', defaulting to '127.0.0.1': [Errno 101] Network is unreachable
  RuntimeWarning,
distributed.worker - INFO -       Start worker at:    tcp://172.30.8.45:45262
/scratch/cnt0024/hmg2840/albert7a/anaconda3/lib/python3.7/site-packages/distributed/utils.py:136: RuntimeWarning: Couldn't detect a suitable IP address for reaching '8.8.8.8', defaulting to '127.0.0.1': [Errno 101] Network is unreachable
  RuntimeWarning,
distributed.worker - INFO -       Start worker at:    tcp://172.30.8.45:34119
distributed.worker - INFO -          Listening to:    tcp://172.30.8.45:45262
distributed.worker - INFO -          Listening to:    tcp://172.30.8.45:34119
distributed.worker - INFO -          dashboard at:          172.30.8.45:41488
distributed.worker - INFO -          dashboard at:          172.30.8.45:34272
/scratch/cnt0024/hmg2840/albert7a/anaconda3/lib/python3.7/site-packages/distributed/utils.py:136: RuntimeWarning: Couldn't detect a suitable IP address for reaching '8.8.8.8', defaulting to '127.0.0.1': [Errno 101] Network is unreachable
  RuntimeWarning,
distributed.worker - INFO -       Start worker at:    tcp://172.30.8.45:36602
/scratch/cnt0024/hmg2840/albert7a/anaconda3/lib/python3.7/site-packages/distributed/utils.py:136: RuntimeWarning: Couldn't detect a suitable IP address for reaching '8.8.8.8', defaulting to '127.0.0.1': [Errno 101] Network is unreachable
  RuntimeWarning,
distributed.worker - INFO -       Start worker at:    tcp://172.30.8.45:43490
/scratch/cnt0024/hmg2840/albert7a/anaconda3/lib/python3.7/site-packages/distributed/utils.py:136: RuntimeWarning: Couldn't detect a suitable IP address for reaching '8.8.8.8', defaulting to '127.0.0.1': [Errno 101] Network is unreachable
  RuntimeWarning,
distributed.worker - INFO -       Start worker at:    tcp://172.30.8.45:35430
distributed.worker - INFO - Waiting to connect to:   tcp://172.30.100.2:34288
distributed.worker - INFO - Waiting to connect to:   tcp://172.30.100.2:34288
distributed.worker - INFO -          Listening to:    tcp://172.30.8.45:36602
distributed.worker - INFO -          Listening to:    tcp://172.30.8.45:43490
distributed.worker - INFO - -------------------------------------------------
distributed.worker - INFO - -------------------------------------------------
distributed.worker - INFO -          Listening to:    tcp://172.30.8.45:35430
distributed.worker - INFO -          dashboard at:          172.30.8.45:38982
/scratch/cnt0024/hmg2840/albert7a/anaconda3/lib/python3.7/site-packages/distributed/utils.py:136: RuntimeWarning: Couldn't detect a suitable IP address for reaching '8.8.8.8', defaulting to '127.0.0.1': [Errno 101] Network is unreachable
  RuntimeWarning,
distributed.worker - INFO -       Start worker at:    tcp://172.30.8.45:34617
distributed.worker - INFO -          dashboard at:          172.30.8.45:36213
distributed.worker - INFO -          dashboard at:          172.30.8.45:36525
distributed.worker - INFO - Waiting to connect to:   tcp://172.30.100.2:34288
distributed.worker - INFO -               Threads:                          1
distributed.worker - INFO -               Threads:                          1
distributed.worker - INFO - Waiting to connect to:   tcp://172.30.100.2:34288
distributed.worker - INFO -          Listening to:    tcp://172.30.8.45:34617
distributed.worker - INFO - Waiting to connect to:   tcp://172.30.100.2:34288
distributed.worker - INFO - -------------------------------------------------
distributed.worker - INFO -                Memory:                    4.29 GB
distributed.worker - INFO -                Memory:                    4.29 GB
distributed.worker - INFO - -------------------------------------------------
distributed.worker - INFO - -------------------------------------------------
distributed.worker - INFO -          dashboard at:          172.30.8.45:44292
distributed.worker - INFO -       Local Directory: /scratch/cnt0024/hmg2840/albert7a/daskjobqueue/worker-x28k0xv5
distributed.worker - INFO -       Local Directory: /scratch/cnt0024/hmg2840/albert7a/daskjobqueue/worker-g1eew2zj
distributed.worker - INFO -               Threads:                          1
distributed.worker - INFO - Waiting to connect to:   tcp://172.30.100.2:34288
distributed.worker - INFO -               Threads:                          1
distributed.worker - INFO -               Threads:                          1
distributed.worker - INFO -                Memory:                    4.29 GB
distributed.worker - INFO - -------------------------------------------------
distributed.worker - INFO -                Memory:                    4.29 GB
distributed.worker - INFO -       Local Directory: /scratch/cnt0024/hmg2840/albert7a/daskjobqueue/worker-qj488fwf
distributed.worker - INFO -                Memory:                    4.29 GB
distributed.worker - INFO - -------------------------------------------------
distributed.worker - INFO -       Local Directory: /scratch/cnt0024/hmg2840/albert7a/daskjobqueue/worker-85ik8ghv
distributed.worker - INFO - -------------------------------------------------
distributed.worker - INFO -       Local Directory: /scratch/cnt0024/hmg2840/albert7a/daskjobqueue/worker-zw8jcybm
distributed.worker - INFO -               Threads:                          1
distributed.worker - INFO -                Memory:                    4.29 GB
distributed.worker - INFO -       Local Directory: /scratch/cnt0024/hmg2840/albert7a/daskjobqueue/worker-q1yidfoz
distributed.worker - INFO - -------------------------------------------------
distributed.worker - INFO - -------------------------------------------------
distributed.worker - INFO - -------------------------------------------------
distributed.worker - INFO - -------------------------------------------------
/scratch/cnt0024/hmg2840/albert7a/anaconda3/lib/python3.7/site-packages/distributed/utils.py:136: RuntimeWarning: Couldn't detect a suitable IP address for reaching '8.8.8.8', defaulting to '127.0.0.1': [Errno 101] Network is unreachable
  RuntimeWarning,
distributed.worker - INFO -       Start worker at:    tcp://172.30.8.45:32793
distributed.worker - INFO -          Listening to:    tcp://172.30.8.45:32793
distributed.worker - INFO -          dashboard at:          172.30.8.45:39598
distributed.worker - INFO - Waiting to connect to:   tcp://172.30.100.2:34288
distributed.worker - INFO - -------------------------------------------------
distributed.worker - INFO -               Threads:                          1
distributed.worker - INFO -                Memory:                    4.29 GB
distributed.worker - INFO -       Local Directory: /scratch/cnt0024/hmg2840/albert7a/daskjobqueue/worker-3wq1v_9w
distributed.worker - INFO - -------------------------------------------------
/scratch/cnt0024/hmg2840/albert7a/anaconda3/lib/python3.7/site-packages/distributed/utils.py:136: RuntimeWarning: Couldn't detect a suitable IP address for reaching '8.8.8.8', defaulting to '127.0.0.1': [Errno 101] Network is unreachable
  RuntimeWarning,
distributed.worker - INFO -       Start worker at:    tcp://172.30.8.45:34433
distributed.worker - INFO -          Listening to:    tcp://172.30.8.45:34433
distributed.worker - INFO -          dashboard at:          172.30.8.45:41257
distributed.worker - INFO - Waiting to connect to:   tcp://172.30.100.2:34288
distributed.worker - INFO - -------------------------------------------------
distributed.worker - INFO -               Threads:                          1
distributed.worker - INFO -                Memory:                    4.29 GB
distributed.worker - INFO -       Local Directory: /scratch/cnt0024/hmg2840/albert7a/daskjobqueue/worker-u2o6fkbz
distributed.worker - INFO - -------------------------------------------------
distributed.worker - INFO -         Registered to:   tcp://172.30.100.2:34288
distributed.worker - INFO - -------------------------------------------------
distributed.core - INFO - Starting established connection
distributed.worker - INFO -         Registered to:   tcp://172.30.100.2:34288
distributed.worker - INFO - -------------------------------------------------
distributed.worker - INFO -         Registered to:   tcp://172.30.100.2:34288
distributed.worker - INFO -         Registered to:   tcp://172.30.100.2:34288
distributed.worker - INFO - -------------------------------------------------
distributed.worker - INFO - -------------------------------------------------
distributed.worker - INFO -         Registered to:   tcp://172.30.100.2:34288
distributed.worker - INFO - -------------------------------------------------
distributed.core - INFO - Starting established connection
distributed.core - INFO - Starting established connection
distributed.core - INFO - Starting established connection
distributed.worker - INFO -         Registered to:   tcp://172.30.100.2:34288
distributed.core - INFO - Starting established connection
distributed.worker - INFO - -------------------------------------------------
distributed.core - INFO - Starting established connection
distributed.worker - INFO -         Registered to:   tcp://172.30.100.2:34288
distributed.worker - INFO - -------------------------------------------------
distributed.worker - INFO -         Registered to:   tcp://172.30.100.2:34288
distributed.worker - INFO - -------------------------------------------------
distributed.worker - INFO -         Registered to:   tcp://172.30.100.2:34288
distributed.core - INFO - Starting established connection
distributed.worker - INFO -         Registered to:   tcp://172.30.100.2:34288
distributed.worker - INFO - -------------------------------------------------
distributed.worker - INFO -         Registered to:   tcp://172.30.100.2:34288
distributed.worker - INFO - -------------------------------------------------
distributed.core - INFO - Starting established connection
distributed.worker - INFO - -------------------------------------------------
distributed.core - INFO - Starting established connection
distributed.core - INFO - Starting established connection
distributed.core - INFO - Starting established connection
distributed.worker - INFO -         Registered to:   tcp://172.30.100.2:34288
distributed.worker - INFO - -------------------------------------------------
distributed.worker - INFO -         Registered to:   tcp://172.30.100.2:34288
distributed.worker - INFO -         Registered to:   tcp://172.30.100.2:34288
distributed.worker - INFO -         Registered to:   tcp://172.30.100.2:34288
distributed.worker - INFO - -------------------------------------------------
distributed.worker - INFO -         Registered to:   tcp://172.30.100.2:34288
distributed.worker - INFO - -------------------------------------------------
distributed.worker - INFO - -------------------------------------------------
distributed.worker - INFO -         Registered to:   tcp://172.30.100.2:34288
distributed.worker - INFO - -------------------------------------------------
distributed.core - INFO - Starting established connection
distributed.worker - INFO - -------------------------------------------------
distributed.core - INFO - Starting established connection
distributed.core - INFO - Starting established connection
distributed.core - INFO - Starting established connection
distributed.core - INFO - Starting established connection
distributed.core - INFO - Starting established connection
distributed.worker - INFO -         Registered to:   tcp://172.30.100.2:34288
distributed.worker - INFO -         Registered to:   tcp://172.30.100.2:34288
distributed.worker - INFO - -------------------------------------------------
distributed.worker - INFO - -------------------------------------------------
distributed.core - INFO - Starting established connection
distributed.core - INFO - Starting established connection
distributed.worker - INFO -         Registered to:   tcp://172.30.100.2:34288
distributed.worker - INFO - -------------------------------------------------
distributed.worker - INFO -         Registered to:   tcp://172.30.100.2:34288
distributed.worker - INFO -         Registered to:   tcp://172.30.100.2:34288
distributed.worker - INFO - -------------------------------------------------
distributed.worker - INFO -         Registered to:   tcp://172.30.100.2:34288
distributed.worker - INFO - -------------------------------------------------
distributed.worker - INFO - -------------------------------------------------
distributed.worker - INFO -         Registered to:   tcp://172.30.100.2:34288
distributed.worker - INFO -         Registered to:   tcp://172.30.100.2:34288
distributed.core - INFO - Starting established connection
distributed.worker - INFO - -------------------------------------------------
distributed.worker - INFO - -------------------------------------------------
distributed.core - INFO - Starting established connection
distributed.core - INFO - Starting established connection
distributed.core - INFO - Starting established connection
distributed.core - INFO - Starting established connection
distributed.core - INFO - Starting established connection
distributed.worker - INFO -         Registered to:   tcp://172.30.100.2:34288
distributed.worker - INFO - -------------------------------------------------
distributed.core - INFO - Starting established connection
/scratch/cnt0024/hmg2840/albert7a/anaconda3/lib/python3.7/multiprocessing/semaphore_tracker.py:144: UserWarning: semaphore_tracker: There appear to be 1 leaked semaphores to clean up at shutdown
  len(cache))
distributed.nanny - WARNING - Worker process 58452 was killed by signal 7
distributed.nanny - WARNING - Restarting worker
/scratch/cnt0024/hmg2840/albert7a/anaconda3/lib/python3.7/site-packages/distributed/utils.py:136: RuntimeWarning: Couldn't detect a suitable IP address for reaching '8.8.8.8', defaulting to '127.0.0.1': [Errno 101] Network is unreachable
  RuntimeWarning,
/scratch/cnt0024/hmg2840/albert7a/anaconda3/lib/python3.7/contextlib.py:119: UserWarning: Creating scratch directories is taking a surprisingly long time. This is often due to running workers on a network file system. Consider specifying a local-directory to point workers to write scratch data to a local disk.
  next(self.gen)
distributed.worker - INFO -       Start worker at:    tcp://172.30.8.45:41925
distributed.worker - INFO -          Listening to:    tcp://172.30.8.45:41925
distributed.worker - INFO -          dashboard at:          172.30.8.45:38572
distributed.worker - INFO - Waiting to connect to:   tcp://172.30.100.2:34288
distributed.worker - INFO - -------------------------------------------------
distributed.worker - INFO -               Threads:                          1
distributed.worker - INFO -                Memory:                    4.29 GB
distributed.worker - INFO -       Local Directory: /scratch/cnt0024/hmg2840/albert7a/daskjobqueue/worker-ozn8hgqz
distributed.worker - INFO - -------------------------------------------------
distributed.worker - INFO -         Registered to:   tcp://172.30.100.2:34288
distributed.worker - INFO - -------------------------------------------------
distributed.core - INFO - Starting established connection
distributed.utils_perf - INFO - full garbage collection released 10.23 MB from 5237 reference cycles (threshold: 10.00 MB)
slurmstepd: error: *** JOB 7328441 ON n2484 CANCELLED AT 2019-09-04T09:02:47 DUE TO TIME LIMIT ***
